INFO [11-08|21:17:39.926] Maximum peer count                       ETH=25 LES=0 total=25
INFO [11-08|21:17:39.927] Starting peer-to-peer node               instance=Geth/v1.8.23-stable/linux-amd64/go1.17.2
WARN [11-08|21:17:39.927] Sanitizing invalid miner gas price       provided=0 updated=0
INFO [11-08|21:17:39.927] Allocated cache and file handles         database=/home/tianwen/Data/eth_1_1/geth/chaindata cache=2048 handles=524288
INFO [11-08|21:17:39.944] Initialised chain configuration          config="{ChainID: 10001 Homestead: 0 DAO: <nil> DAOSupport: false EIP150: <nil> EIP155: 0 EIP158: 0 Byzantium: <nil> Constantinople: <nil>  ConstantinopleFix: <nil> Engine: unknown}"
INFO [11-08|21:17:39.944] Disk storage enabled for ethash caches   dir=/home/tianwen/Data/eth_1_1/geth/ethash count=3
INFO [11-08|21:17:39.944] Disk storage enabled for ethash DAGs     dir=/home/tianwen/.ethash                  count=2
INFO [11-08|21:17:39.944] Initialising Ethereum protocol           versions="[63 62]" network=1001
INFO [11-08|21:17:40.026] Loaded most recent local header          number=54 hash=e4dc79…b38ed6 td=7167495 age=2m48s
INFO [11-08|21:17:40.026] Loaded most recent local full block      number=54 hash=e4dc79…b38ed6 td=7167495 age=2m48s
INFO [11-08|21:17:40.026] Loaded most recent local fast block      number=54 hash=e4dc79…b38ed6 td=7167495 age=2m48s
INFO [11-08|21:17:40.026] Loaded local transaction journal         transactions=0 dropped=0
INFO [11-08|21:17:40.026] Regenerated local transaction journal    transactions=0 accounts=0
INFO [11-08|21:17:40.034] New local node record                    seq=2 id=afef0f5e0c05ba29 ip=127.0.0.1 udp=0 tcp=30304
INFO [11-08|21:17:40.034] Started P2P networking                   self="enode://7bd5c3a83b6894aebd2e7b7c9596e6f37746a3947f8231e610052a89427e74d2a897e1daa8c765d94c1ef1ec94c5f6b7d4d6ef5bb3bd96aaeeea32471379cbae@127.0.0.1:30304?discport=0"
INFO [11-08|21:17:40.034] IPC endpoint opened                      url=/home/tianwen/Data/eth_1_1/geth.ipc
INFO [11-08|21:17:40.034] HTTP endpoint opened                     url=http://127.0.0.1:10001              cors= vhosts=localhost
WARN [11-08|21:17:40.034] ------------------------------------------------------------------- 
WARN [11-08|21:17:40.034] Referring to accounts by order in the keystore folder is dangerous! 
WARN [11-08|21:17:40.034] This functionality is deprecated and will be removed in the future! 
WARN [11-08|21:17:40.034] Please use explicit addresses! (can search via `geth account list`) 
WARN [11-08|21:17:40.034] ------------------------------------------------------------------- 
INFO [11-08|21:17:40.490] Unlocked account                         address=0x01594DbB20C483De0B0a3ed38389Fd8A45c70D84
INFO [11-08|21:17:40.490] Transaction pool price threshold updated price=0
INFO [11-08|21:17:40.490] Updated mining threads                   threads=1
INFO [11-08|21:17:40.490] Transaction pool price threshold updated price=0
INFO [11-08|21:17:40.490] Etherbase automatically configured       address=0x01594DbB20C483De0B0a3ed38389Fd8A45c70D84
INFO [11-08|21:17:40.490] Commit new mining work                   number=55 sealhash=c8c298…0cf286 uncles=0 txs=0 gas=0 fees=0 elapsed=74.566µs
INFO [11-08|21:17:42.943] Successfully sealed new block            number=55 sealhash=c8c298…0cf286 hash=028d81…24edb0 elapsed=2.453s
INFO [11-08|21:17:42.943] 🔨 mined potential block                  number=55 hash=028d81…24edb0
INFO [11-08|21:17:42.943] Commit new mining work                   number=56 sealhash=e0d477…4cebe4 uncles=0 txs=0 gas=0 fees=0 elapsed=73.657µs
INFO [11-08|21:17:47.413] Successfully sealed new block            number=56 sealhash=e0d477…4cebe4 hash=10b9e9…017976 elapsed=4.469s
INFO [11-08|21:17:47.413] 🔨 mined potential block                  number=56 hash=10b9e9…017976
INFO [11-08|21:17:47.413] Commit new mining work                   number=57 sealhash=169a67…6f7a52 uncles=0 txs=0 gas=0 fees=0 elapsed=88.059µs
INFO [11-08|21:17:49.505] Successfully sealed new block            number=57 sealhash=169a67…6f7a52 hash=ba22ce…30a9d6 elapsed=2.091s
INFO [11-08|21:17:49.505] 🔨 mined potential block                  number=57 hash=ba22ce…30a9d6
INFO [11-08|21:17:49.505] Commit new mining work                   number=58 sealhash=065208…172279 uncles=0 txs=0 gas=0 fees=0 elapsed=82.898µs
INFO [11-08|21:17:50.226] Successfully sealed new block            number=58 sealhash=065208…172279 hash=fcb3bd…30fe1c elapsed=720.909ms
INFO [11-08|21:17:50.226] 🔨 mined potential block                  number=58 hash=fcb3bd…30fe1c
INFO [11-08|21:17:50.226] Commit new mining work                   number=59 sealhash=ac8353…eae0b0 uncles=0 txs=0 gas=0 fees=0 elapsed=61.565µs
INFO [11-08|21:17:54.313] Successfully sealed new block            number=59 sealhash=ac8353…eae0b0 hash=456ca6…5ac6e8 elapsed=4.087s
INFO [11-08|21:17:54.313] 🔨 mined potential block                  number=59 hash=456ca6…5ac6e8
INFO [11-08|21:17:54.314] Commit new mining work                   number=60 sealhash=bd8d03…3e5e9b uncles=0 txs=0 gas=0 fees=0 elapsed=84.786µs
INFO [11-08|21:17:58.181] Successfully sealed new block            number=60 sealhash=bd8d03…3e5e9b hash=76f23e…d37ec4 elapsed=3.867s
INFO [11-08|21:17:58.181] 🔨 mined potential block                  number=60 hash=76f23e…d37ec4
INFO [11-08|21:17:58.181] Commit new mining work                   number=61 sealhash=372167…aa415f uncles=0 txs=0 gas=0 fees=0 elapsed=91.981µs
INFO [11-08|21:18:03.502] Successfully sealed new block            number=61 sealhash=372167…aa415f hash=bf5c9d…fed5a8 elapsed=5.320s
INFO [11-08|21:18:03.502] 🔨 mined potential block                  number=61 hash=bf5c9d…fed5a8
INFO [11-08|21:18:03.502] Commit new mining work                   number=62 sealhash=e767df…c4f929 uncles=0 txs=0 gas=0 fees=0 elapsed=85.076µs
INFO [11-08|21:18:03.563] Successfully sealed new block            number=62 sealhash=e767df…c4f929 hash=747b37…d99a83 elapsed=61.234ms
INFO [11-08|21:18:03.563] 🔗 block reached canonical chain          number=55 hash=028d81…24edb0
INFO [11-08|21:18:03.563] 🔨 mined potential block                  number=62 hash=747b37…d99a83
INFO [11-08|21:18:03.563] Commit new mining work                   number=63 sealhash=f55e39…d423c4 uncles=0 txs=0 gas=0 fees=0 elapsed=65.297µs
INFO [11-08|21:18:03.633] Successfully sealed new block            number=63 sealhash=f55e39…d423c4 hash=30819a…439d0f elapsed=69.471ms
INFO [11-08|21:18:03.633] 🔗 block reached canonical chain          number=56 hash=10b9e9…017976
INFO [11-08|21:18:03.633] 🔨 mined potential block                  number=63 hash=30819a…439d0f
INFO [11-08|21:18:03.633] Mining too far in the future             wait=2s
INFO [11-08|21:18:05.634] Commit new mining work                   number=64 sealhash=da6993…816861 uncles=0 txs=0 gas=0 fees=0 elapsed=2.001s
INFO [11-08|21:18:05.759] Successfully sealed new block            number=64 sealhash=da6993…816861 hash=ea8214…0fced6 elapsed=125.452ms
INFO [11-08|21:18:05.759] 🔗 block reached canonical chain          number=57 hash=ba22ce…30a9d6
INFO [11-08|21:18:05.759] 🔨 mined potential block                  number=64 hash=ea8214…0fced6
INFO [11-08|21:18:05.760] Commit new mining work                   number=65 sealhash=4e93b2…d40dac uncles=0 txs=0 gas=0 fees=0 elapsed=115.653µs
INFO [11-08|21:18:06.687] Successfully sealed new block            number=65 sealhash=4e93b2…d40dac hash=59bd82…ce823d elapsed=927.070ms
INFO [11-08|21:18:06.687] 🔗 block reached canonical chain          number=58 hash=fcb3bd…30fe1c
INFO [11-08|21:18:06.687] 🔨 mined potential block                  number=65 hash=59bd82…ce823d
INFO [11-08|21:18:06.687] Commit new mining work                   number=66 sealhash=4483df…c3f900 uncles=0 txs=0 gas=0 fees=0 elapsed=92.955µs
INFO [11-08|21:18:09.775] Successfully sealed new block            number=66 sealhash=4483df…c3f900 hash=5c0012…50895a elapsed=3.087s
INFO [11-08|21:18:09.775] 🔗 block reached canonical chain          number=59 hash=456ca6…5ac6e8
INFO [11-08|21:18:09.775] 🔨 mined potential block                  number=66 hash=5c0012…50895a
INFO [11-08|21:18:09.775] Commit new mining work                   number=67 sealhash=90b43c…9ee5f9 uncles=0 txs=0 gas=0 fees=0 elapsed=79.072µs
INFO [11-08|21:18:09.807] Successfully sealed new block            number=67 sealhash=90b43c…9ee5f9 hash=8b8cad…a36d58 elapsed=32.468ms
INFO [11-08|21:18:09.808] 🔗 block reached canonical chain          number=60 hash=76f23e…d37ec4
INFO [11-08|21:18:09.808] 🔨 mined potential block                  number=67 hash=8b8cad…a36d58
INFO [11-08|21:18:09.808] Commit new mining work                   number=68 sealhash=594d7a…3aaf8d uncles=0 txs=0 gas=0 fees=0 elapsed=92.765µs
INFO [11-08|21:18:09.912] Successfully sealed new block            number=68 sealhash=594d7a…3aaf8d hash=73de6b…d4d51b elapsed=104.482ms
INFO [11-08|21:18:09.912] 🔗 block reached canonical chain          number=61 hash=bf5c9d…fed5a8
INFO [11-08|21:18:09.912] 🔨 mined potential block                  number=68 hash=73de6b…d4d51b
INFO [11-08|21:18:09.912] Mining too far in the future             wait=2s
INFO [11-08|21:18:11.913] Commit new mining work                   number=69 sealhash=e44dd6…9ead97 uncles=0 txs=0 gas=0 fees=0 elapsed=2.000s
INFO [11-08|21:18:16.078] Successfully sealed new block            number=69 sealhash=e44dd6…9ead97 hash=6977cf…91f015 elapsed=4.164s
INFO [11-08|21:18:16.078] 🔗 block reached canonical chain          number=62 hash=747b37…d99a83
INFO [11-08|21:18:16.078] 🔨 mined potential block                  number=69 hash=6977cf…91f015
INFO [11-08|21:18:16.078] Commit new mining work                   number=70 sealhash=e742d3…ad814d uncles=0 txs=0 gas=0 fees=0 elapsed=113.528µs
INFO [11-08|21:18:17.613] Successfully sealed new block            number=70 sealhash=e742d3…ad814d hash=3d4181…5475da elapsed=1.535s
INFO [11-08|21:18:17.613] 🔗 block reached canonical chain          number=63 hash=30819a…439d0f
INFO [11-08|21:18:17.613] 🔨 mined potential block                  number=70 hash=3d4181…5475da
INFO [11-08|21:18:17.613] Commit new mining work                   number=71 sealhash=7dcea1…c4df08 uncles=0 txs=0 gas=0 fees=0 elapsed=72.878µs
INFO [11-08|21:18:19.008] Got interrupt, shutting down... 
INFO [11-08|21:18:19.008] HTTP endpoint closed                     url=http://127.0.0.1:10001
INFO [11-08|21:18:19.008] IPC endpoint closed                      url=/home/tianwen/Data/eth_1_1/geth.ipc
INFO [11-08|21:18:19.008] Writing cached state to disk             block=70 hash=3d4181…5475da root=5b96ad…64d2b8
INFO [11-08|21:18:19.008] Persisted trie from memory database      nodes=1 size=149.00B time=34.946µs gcnodes=0 gcsize=0.00B gctime=0s livenodes=16 livesize=2.23kB
INFO [11-08|21:18:19.008] Writing cached state to disk             block=69 hash=6977cf…91f015 root=98cb68…0a8159
INFO [11-08|21:18:19.008] Persisted trie from memory database      nodes=1 size=149.00B time=3.805µs  gcnodes=0 gcsize=0.00B gctime=0s livenodes=15 livesize=2.09kB
INFO [11-08|21:18:19.008] Blockchain manager stopped 
INFO [11-08|21:18:19.008] Stopping Ethereum protocol 
INFO [11-08|21:18:19.008] Ethereum protocol stopped 
INFO [11-08|21:18:19.008] Transaction pool stopped 
INFO [11-08|21:18:19.008] Database closed                          database=/home/tianwen/Data/eth_1_1/geth/chaindata
INFO [11-08|21:18:21.020] Maximum peer count                       ETH=25 LES=0 total=25
INFO [11-08|21:18:21.021] Starting peer-to-peer node               instance=Geth/v1.8.23-stable/linux-amd64/go1.17.2
WARN [11-08|21:18:21.022] Sanitizing invalid miner gas price       provided=0 updated=0
INFO [11-08|21:18:21.022] Allocated cache and file handles         database=/home/tianwen/Data/eth_1_1/geth/chaindata cache=2048 handles=524288
INFO [11-08|21:18:21.038] Initialised chain configuration          config="{ChainID: 10001 Homestead: 0 DAO: <nil> DAOSupport: false EIP150: <nil> EIP155: 0 EIP158: 0 Byzantium: <nil> Constantinople: <nil>  ConstantinopleFix: <nil> Engine: unknown}"
INFO [11-08|21:18:21.038] Disk storage enabled for ethash caches   dir=/home/tianwen/Data/eth_1_1/geth/ethash count=3
INFO [11-08|21:18:21.038] Disk storage enabled for ethash DAGs     dir=/home/tianwen/.ethash                  count=2
INFO [11-08|21:18:21.038] Initialising Ethereum protocol           versions="[63 62]" network=1001
INFO [11-08|21:18:21.119] Loaded most recent local header          number=70 hash=3d4181…5475da td=9309375 age=5s
INFO [11-08|21:18:21.119] Loaded most recent local full block      number=70 hash=3d4181…5475da td=9309375 age=5s
INFO [11-08|21:18:21.119] Loaded most recent local fast block      number=70 hash=3d4181…5475da td=9309375 age=5s
INFO [11-08|21:18:21.119] Loaded local transaction journal         transactions=0 dropped=0
INFO [11-08|21:18:21.119] Regenerated local transaction journal    transactions=0 accounts=0
INFO [11-08|21:18:21.127] New local node record                    seq=3 id=afef0f5e0c05ba29 ip=127.0.0.1 udp=0 tcp=30304
INFO [11-08|21:18:21.127] Started P2P networking                   self="enode://7bd5c3a83b6894aebd2e7b7c9596e6f37746a3947f8231e610052a89427e74d2a897e1daa8c765d94c1ef1ec94c5f6b7d4d6ef5bb3bd96aaeeea32471379cbae@127.0.0.1:30304?discport=0"
INFO [11-08|21:18:21.127] IPC endpoint opened                      url=/home/tianwen/Data/eth_1_1/geth.ipc
INFO [11-08|21:18:21.127] HTTP endpoint opened                     url=http://127.0.0.1:10001              cors= vhosts=localhost
WARN [11-08|21:18:21.127] ------------------------------------------------------------------- 
WARN [11-08|21:18:21.127] Referring to accounts by order in the keystore folder is dangerous! 
WARN [11-08|21:18:21.127] This functionality is deprecated and will be removed in the future! 
WARN [11-08|21:18:21.127] Please use explicit addresses! (can search via `geth account list`) 
WARN [11-08|21:18:21.127] ------------------------------------------------------------------- 
INFO [11-08|21:18:23.311] Unlocked account                         address=0x01594DbB20C483De0B0a3ed38389Fd8A45c70D84
INFO [11-08|21:18:23.311] Transaction pool price threshold updated price=0
INFO [11-08|21:18:23.311] Updated mining threads                   threads=1
INFO [11-08|21:18:23.311] Transaction pool price threshold updated price=0
INFO [11-08|21:18:23.311] Etherbase automatically configured       address=0x01594DbB20C483De0B0a3ed38389Fd8A45c70D84
INFO [11-08|21:18:23.311] Commit new mining work                   number=71 sealhash=1dc515…e6d103 uncles=0 txs=0 gas=0 fees=0 elapsed=123.026µs
INFO [11-08|21:18:25.652] Successfully sealed new block            number=71 sealhash=1dc515…e6d103 hash=07e34c…26c6aa elapsed=2.341s
INFO [11-08|21:18:25.653] 🔨 mined potential block                  number=71 hash=07e34c…26c6aa
INFO [11-08|21:18:25.653] Commit new mining work                   number=72 sealhash=10fdce…312125 uncles=0 txs=0 gas=0 fees=0 elapsed=91.538µs
INFO [11-08|21:18:26.215] Successfully sealed new block            number=72 sealhash=10fdce…312125 hash=e30d41…4012e5 elapsed=562.333ms
INFO [11-08|21:18:26.215] 🔨 mined potential block                  number=72 hash=e30d41…4012e5
INFO [11-08|21:18:26.215] Commit new mining work                   number=73 sealhash=1b599f…bee516 uncles=0 txs=0 gas=0 fees=0 elapsed=66.636µs
INFO [11-08|21:18:26.992] Successfully sealed new block            number=73 sealhash=1b599f…bee516 hash=2463f5…c49466 elapsed=776.693ms
INFO [11-08|21:18:26.992] 🔨 mined potential block                  number=73 hash=2463f5…c49466
INFO [11-08|21:18:26.992] Commit new mining work                   number=74 sealhash=6789b5…b35ffc uncles=0 txs=0 gas=0 fees=0 elapsed=75.625µs
INFO [11-08|21:18:27.163] Successfully sealed new block            number=74 sealhash=6789b5…b35ffc hash=6a8336…e1a384 elapsed=170.539ms
INFO [11-08|21:18:27.163] 🔨 mined potential block                  number=74 hash=6a8336…e1a384
INFO [11-08|21:18:27.163] Commit new mining work                   number=75 sealhash=96bc72…18e64a uncles=0 txs=0 gas=0 fees=0 elapsed=72.5µs
INFO [11-08|21:18:27.481] Successfully sealed new block            number=75 sealhash=96bc72…18e64a hash=421d26…587b02 elapsed=318.331ms
INFO [11-08|21:18:27.481] 🔨 mined potential block                  number=75 hash=421d26…587b02
INFO [11-08|21:18:27.481] Mining too far in the future             wait=2s
INFO [11-08|21:18:29.481] Commit new mining work                   number=76 sealhash=ac8e2a…e92a54 uncles=0 txs=0 gas=0 fees=0 elapsed=2.000s
INFO [11-08|21:18:31.616] Successfully sealed new block            number=76 sealhash=ac8e2a…e92a54 hash=439ad3…19d40b elapsed=2.134s
INFO [11-08|21:18:31.616] 🔨 mined potential block                  number=76 hash=439ad3…19d40b
INFO [11-08|21:18:31.616] Commit new mining work                   number=77 sealhash=97b711…07349f uncles=0 txs=0 gas=0 fees=0 elapsed=158.948µs
INFO [11-08|21:18:32.222] Successfully sealed new block            number=77 sealhash=97b711…07349f hash=be48fe…07f54a elapsed=605.553ms
INFO [11-08|21:18:32.222] 🔨 mined potential block                  number=77 hash=be48fe…07f54a
INFO [11-08|21:18:32.222] Commit new mining work                   number=78 sealhash=f6d86b…796c25 uncles=0 txs=0 gas=0 fees=0 elapsed=62.668µs
INFO [11-08|21:18:34.707] Successfully sealed new block            number=78 sealhash=f6d86b…796c25 hash=c80ab5…b3c303 elapsed=2.485s
INFO [11-08|21:18:34.707] 🔗 block reached canonical chain          number=71 hash=07e34c…26c6aa
INFO [11-08|21:18:34.707] 🔨 mined potential block                  number=78 hash=c80ab5…b3c303
INFO [11-08|21:18:34.707] Commit new mining work                   number=79 sealhash=12bb31…85c66d uncles=0 txs=0 gas=0 fees=0 elapsed=99.865µs
INFO [11-08|21:18:35.522] Successfully sealed new block            number=79 sealhash=12bb31…85c66d hash=98f256…2f143f elapsed=814.261ms
INFO [11-08|21:18:35.522] 🔗 block reached canonical chain          number=72 hash=e30d41…4012e5
INFO [11-08|21:18:35.522] 🔨 mined potential block                  number=79 hash=98f256…2f143f
INFO [11-08|21:18:35.522] Commit new mining work                   number=80 sealhash=379b91…12f0fd uncles=0 txs=0 gas=0 fees=0 elapsed=84.459µs
INFO [11-08|21:18:39.172] Successfully sealed new block            number=80 sealhash=379b91…12f0fd hash=7e3b6f…836f01 elapsed=3.649s
INFO [11-08|21:18:39.172] 🔗 block reached canonical chain          number=73 hash=2463f5…c49466
INFO [11-08|21:18:39.172] 🔨 mined potential block                  number=80 hash=7e3b6f…836f01
INFO [11-08|21:18:39.172] Commit new mining work                   number=81 sealhash=e9e52b…68d3b2 uncles=0 txs=0 gas=0 fees=0 elapsed=68.431µs
INFO [11-08|21:18:41.385] Successfully sealed new block            number=81 sealhash=e9e52b…68d3b2 hash=68596f…55ea23 elapsed=2.212s
INFO [11-08|21:18:41.385] 🔗 block reached canonical chain          number=74 hash=6a8336…e1a384
INFO [11-08|21:18:41.385] 🔨 mined potential block                  number=81 hash=68596f…55ea23
INFO [11-08|21:18:41.385] Commit new mining work                   number=82 sealhash=686d34…602d2e uncles=0 txs=0 gas=0 fees=0 elapsed=94.942µs
INFO [11-08|21:18:42.033] Successfully sealed new block            number=82 sealhash=686d34…602d2e hash=c03893…d645d0 elapsed=648.691ms
INFO [11-08|21:18:42.034] 🔗 block reached canonical chain          number=75 hash=421d26…587b02
INFO [11-08|21:18:42.034] 🔨 mined potential block                  number=82 hash=c03893…d645d0
INFO [11-08|21:18:42.034] Commit new mining work                   number=83 sealhash=e5d4f0…636cc8 uncles=0 txs=0 gas=0 fees=0 elapsed=89.332µs
INFO [11-08|21:18:46.354] Successfully sealed new block            number=83 sealhash=e5d4f0…636cc8 hash=cd6591…42bbb6 elapsed=4.320s
INFO [11-08|21:18:46.354] 🔗 block reached canonical chain          number=76 hash=439ad3…19d40b
INFO [11-08|21:18:46.354] 🔨 mined potential block                  number=83 hash=cd6591…42bbb6
INFO [11-08|21:18:46.354] Commit new mining work                   number=84 sealhash=1f1473…a256d3 uncles=0 txs=0 gas=0 fees=0 elapsed=91.238µs
INFO [11-08|21:18:46.858] Successfully sealed new block            number=84 sealhash=1f1473…a256d3 hash=d5ea8a…ff386c elapsed=504.011ms
INFO [11-08|21:18:46.858] 🔗 block reached canonical chain          number=77 hash=be48fe…07f54a
INFO [11-08|21:18:46.858] 🔨 mined potential block                  number=84 hash=d5ea8a…ff386c
INFO [11-08|21:18:46.858] Commit new mining work                   number=85 sealhash=0e7583…2f7775 uncles=0 txs=0 gas=0 fees=0 elapsed=61.381µs
INFO [11-08|21:18:49.763] Successfully sealed new block            number=85 sealhash=0e7583…2f7775 hash=6cd62f…d0a078 elapsed=2.904s
INFO [11-08|21:18:49.763] 🔗 block reached canonical chain          number=78 hash=c80ab5…b3c303
INFO [11-08|21:18:49.763] 🔨 mined potential block                  number=85 hash=6cd62f…d0a078
INFO [11-08|21:18:49.763] Commit new mining work                   number=86 sealhash=370168…f1af05 uncles=0 txs=0 gas=0 fees=0 elapsed=74.733µs
INFO [11-08|21:18:51.892] Successfully sealed new block            number=86 sealhash=370168…f1af05 hash=b15442…1ee04e elapsed=2.128s
INFO [11-08|21:18:51.892] 🔗 block reached canonical chain          number=79 hash=98f256…2f143f
INFO [11-08|21:18:51.892] 🔨 mined potential block                  number=86 hash=b15442…1ee04e
INFO [11-08|21:18:51.892] Commit new mining work                   number=87 sealhash=ca6608…3efadb uncles=0 txs=0 gas=0 fees=0 elapsed=68.348µs
INFO [11-08|21:18:52.104] Successfully sealed new block            number=87 sealhash=ca6608…3efadb hash=f29461…1bc386 elapsed=211.912ms
INFO [11-08|21:18:52.104] 🔗 block reached canonical chain          number=80 hash=7e3b6f…836f01
INFO [11-08|21:18:52.104] 🔨 mined potential block                  number=87 hash=f29461…1bc386
INFO [11-08|21:18:52.104] Commit new mining work                   number=88 sealhash=c9f21e…ab0f99 uncles=0 txs=0 gas=0 fees=0 elapsed=77.741µs
INFO [11-08|21:18:52.739] Successfully sealed new block            number=88 sealhash=c9f21e…ab0f99 hash=8b6bac…20ceec elapsed=634.684ms
INFO [11-08|21:18:52.739] 🔗 block reached canonical chain          number=81 hash=68596f…55ea23
INFO [11-08|21:18:52.739] 🔨 mined potential block                  number=88 hash=8b6bac…20ceec
INFO [11-08|21:18:52.739] Commit new mining work                   number=89 sealhash=c8a20e…da06bd uncles=0 txs=0 gas=0 fees=0 elapsed=102.593µs
INFO [11-08|21:19:01.548] Successfully sealed new block            number=89 sealhash=c8a20e…da06bd hash=70a334…5568c5 elapsed=8.808s
INFO [11-08|21:19:01.548] 🔗 block reached canonical chain          number=82 hash=c03893…d645d0
INFO [11-08|21:19:01.548] 🔨 mined potential block                  number=89 hash=70a334…5568c5
INFO [11-08|21:19:01.548] Commit new mining work                   number=90 sealhash=30aae9…1b6cb5 uncles=0 txs=0 gas=0 fees=0 elapsed=87.433µs
INFO [11-08|21:19:03.280] Successfully sealed new block            number=90 sealhash=30aae9…1b6cb5 hash=5934eb…e9eb53 elapsed=1.732s
INFO [11-08|21:19:03.280] 🔗 block reached canonical chain          number=83 hash=cd6591…42bbb6
INFO [11-08|21:19:03.280] 🔨 mined potential block                  number=90 hash=5934eb…e9eb53
INFO [11-08|21:19:03.280] Commit new mining work                   number=91 sealhash=c7fff0…05de07 uncles=0 txs=0 gas=0 fees=0 elapsed=76.977µs
INFO [11-08|21:19:07.559] Successfully sealed new block            number=91 sealhash=c7fff0…05de07 hash=b414fe…a4a9f8 elapsed=4.278s
INFO [11-08|21:19:07.559] 🔗 block reached canonical chain          number=84 hash=d5ea8a…ff386c
INFO [11-08|21:19:07.559] 🔨 mined potential block                  number=91 hash=b414fe…a4a9f8
INFO [11-08|21:19:07.559] Commit new mining work                   number=92 sealhash=a1ee70…e67eac uncles=0 txs=0 gas=0 fees=0 elapsed=134.709µs
INFO [11-08|21:19:10.970] Successfully sealed new block            number=92 sealhash=a1ee70…e67eac hash=21ad3b…01b19f elapsed=3.410s
INFO [11-08|21:19:10.970] 🔗 block reached canonical chain          number=85 hash=6cd62f…d0a078
INFO [11-08|21:19:10.970] 🔨 mined potential block                  number=92 hash=21ad3b…01b19f
INFO [11-08|21:19:10.970] Commit new mining work                   number=93 sealhash=af26c0…00749a uncles=0 txs=0 gas=0 fees=0 elapsed=73.962µs
INFO [11-08|21:19:14.098] Successfully sealed new block            number=93 sealhash=af26c0…00749a hash=d33af0…fd18db elapsed=3.128s
INFO [11-08|21:19:14.098] 🔗 block reached canonical chain          number=86 hash=b15442…1ee04e
INFO [11-08|21:19:14.098] 🔨 mined potential block                  number=93 hash=d33af0…fd18db
INFO [11-08|21:19:14.099] Commit new mining work                   number=94 sealhash=90e400…b95c10 uncles=0 txs=0 gas=0 fees=0 elapsed=95.941µs
INFO [11-08|21:19:16.180] Successfully sealed new block            number=94 sealhash=90e400…b95c10 hash=e02f24…03b1d6 elapsed=2.081s
INFO [11-08|21:19:16.180] 🔗 block reached canonical chain          number=87 hash=f29461…1bc386
INFO [11-08|21:19:16.180] 🔨 mined potential block                  number=94 hash=e02f24…03b1d6
INFO [11-08|21:19:16.180] Commit new mining work                   number=95 sealhash=2370ea…f3db67 uncles=0 txs=0 gas=0 fees=0 elapsed=86.236µs
INFO [11-08|21:19:17.006] Successfully sealed new block            number=95 sealhash=2370ea…f3db67 hash=279dbe…a0cf27 elapsed=826.280ms
INFO [11-08|21:19:17.007] 🔗 block reached canonical chain          number=88 hash=8b6bac…20ceec
INFO [11-08|21:19:17.007] 🔨 mined potential block                  number=95 hash=279dbe…a0cf27
INFO [11-08|21:19:17.007] Commit new mining work                   number=96 sealhash=4282d6…599a49 uncles=0 txs=0 gas=0 fees=0 elapsed=62.06µs
INFO [11-08|21:19:22.691] Successfully sealed new block            number=96 sealhash=4282d6…599a49 hash=3e35a8…bc947b elapsed=5.684s
INFO [11-08|21:19:22.691] 🔗 block reached canonical chain          number=89 hash=70a334…5568c5
INFO [11-08|21:19:22.691] 🔨 mined potential block                  number=96 hash=3e35a8…bc947b
INFO [11-08|21:19:22.691] Commit new mining work                   number=97 sealhash=c56a64…802055 uncles=0 txs=0 gas=0 fees=0 elapsed=99.171µs
INFO [11-08|21:19:22.967] Successfully sealed new block            number=97 sealhash=c56a64…802055 hash=8a73a0…fb32cc elapsed=275.465ms
INFO [11-08|21:19:22.967] 🔗 block reached canonical chain          number=90 hash=5934eb…e9eb53
INFO [11-08|21:19:22.967] 🔨 mined potential block                  number=97 hash=8a73a0…fb32cc
INFO [11-08|21:19:22.967] Commit new mining work                   number=98 sealhash=c71561…aa5d6e uncles=0 txs=0 gas=0 fees=0 elapsed=71.616µs
INFO [11-08|21:19:23.433] Successfully sealed new block            number=98 sealhash=c71561…aa5d6e hash=b86947…f62aa9 elapsed=466.031ms
INFO [11-08|21:19:23.433] 🔗 block reached canonical chain          number=91 hash=b414fe…a4a9f8
INFO [11-08|21:19:23.433] 🔨 mined potential block                  number=98 hash=b86947…f62aa9
INFO [11-08|21:19:23.433] Commit new mining work                   number=99 sealhash=7e382b…e42961 uncles=0 txs=0 gas=0 fees=0 elapsed=73.023µs
INFO [11-08|21:19:25.982] Successfully sealed new block            number=99 sealhash=7e382b…e42961 hash=304b2a…97eb9d elapsed=2.548s
INFO [11-08|21:19:25.982] 🔗 block reached canonical chain          number=92 hash=21ad3b…01b19f
INFO [11-08|21:19:25.982] 🔨 mined potential block                  number=99 hash=304b2a…97eb9d
INFO [11-08|21:19:25.982] Commit new mining work                   number=100 sealhash=3bfea4…43d9f9 uncles=0 txs=0 gas=0 fees=0 elapsed=88.748µs
INFO [11-08|21:19:26.197] Successfully sealed new block            number=100 sealhash=3bfea4…43d9f9 hash=b667b8…5c471a elapsed=214.807ms
INFO [11-08|21:19:26.197] 🔗 block reached canonical chain          number=93  hash=d33af0…fd18db
INFO [11-08|21:19:26.197] 🔨 mined potential block                  number=100 hash=b667b8…5c471a
INFO [11-08|21:19:26.197] Commit new mining work                   number=101 sealhash=03dfba…c473de uncles=0 txs=0 gas=0 fees=0 elapsed=97.137µs
INFO [11-08|21:19:27.669] Successfully sealed new block            number=101 sealhash=03dfba…c473de hash=e4674b…cfb0c8 elapsed=1.471s
INFO [11-08|21:19:27.669] 🔗 block reached canonical chain          number=94  hash=e02f24…03b1d6
INFO [11-08|21:19:27.669] 🔨 mined potential block                  number=101 hash=e4674b…cfb0c8
INFO [11-08|21:19:27.669] Commit new mining work                   number=102 sealhash=99e170…f4701d uncles=0 txs=0 gas=0 fees=0 elapsed=108.956µs
INFO [11-08|21:19:31.739] Successfully sealed new block            number=102 sealhash=99e170…f4701d hash=d8d59f…30824b elapsed=4.070s
INFO [11-08|21:19:31.739] 🔗 block reached canonical chain          number=95  hash=279dbe…a0cf27
INFO [11-08|21:19:31.739] 🔨 mined potential block                  number=102 hash=d8d59f…30824b
INFO [11-08|21:19:31.739] Commit new mining work                   number=103 sealhash=dc44b1…3c9008 uncles=0 txs=0 gas=0 fees=0 elapsed=85.435µs
INFO [11-08|21:19:35.293] Successfully sealed new block            number=103 sealhash=dc44b1…3c9008 hash=d9b2b8…0ef3a6 elapsed=3.553s
INFO [11-08|21:19:35.293] 🔗 block reached canonical chain          number=96  hash=3e35a8…bc947b
INFO [11-08|21:19:35.293] 🔨 mined potential block                  number=103 hash=d9b2b8…0ef3a6
INFO [11-08|21:19:35.293] Commit new mining work                   number=104 sealhash=44deba…3a4877 uncles=0 txs=0 gas=0 fees=0 elapsed=116.766µs
INFO [11-08|21:19:36.740] Successfully sealed new block            number=104 sealhash=44deba…3a4877 hash=8f4de7…c90ab8 elapsed=1.446s
INFO [11-08|21:19:36.740] 🔗 block reached canonical chain          number=97  hash=8a73a0…fb32cc
INFO [11-08|21:19:36.740] 🔨 mined potential block                  number=104 hash=8f4de7…c90ab8
INFO [11-08|21:19:36.740] Commit new mining work                   number=105 sealhash=5ebeb9…7a67e4 uncles=0 txs=0 gas=0 fees=0 elapsed=94.934µs
INFO [11-08|21:19:36.783] Successfully sealed new block            number=105 sealhash=5ebeb9…7a67e4 hash=eac195…53698b elapsed=43.609ms
INFO [11-08|21:19:36.783] 🔗 block reached canonical chain          number=98  hash=b86947…f62aa9
INFO [11-08|21:19:36.783] 🔨 mined potential block                  number=105 hash=eac195…53698b
INFO [11-08|21:19:36.784] Commit new mining work                   number=106 sealhash=f32f87…0b58f2 uncles=0 txs=0 gas=0 fees=0 elapsed=76.109µs
INFO [11-08|21:19:38.459] Successfully sealed new block            number=106 sealhash=f32f87…0b58f2 hash=f89acf…de07e5 elapsed=1.675s
INFO [11-08|21:19:38.459] 🔗 block reached canonical chain          number=99  hash=304b2a…97eb9d
INFO [11-08|21:19:38.459] 🔨 mined potential block                  number=106 hash=f89acf…de07e5
INFO [11-08|21:19:38.459] Commit new mining work                   number=107 sealhash=4b9fba…cc8ed5 uncles=0 txs=0 gas=0 fees=0 elapsed=97.434µs
INFO [11-08|21:19:38.648] Successfully sealed new block            number=107 sealhash=4b9fba…cc8ed5 hash=d3dbf4…f48f84 elapsed=189.187ms
INFO [11-08|21:19:38.648] 🔗 block reached canonical chain          number=100 hash=b667b8…5c471a
INFO [11-08|21:19:38.648] 🔨 mined potential block                  number=107 hash=d3dbf4…f48f84
INFO [11-08|21:19:38.648] Commit new mining work                   number=108 sealhash=426e79…bd3d8f uncles=0 txs=0 gas=0 fees=0 elapsed=71.4µs
INFO [11-08|21:19:41.052] Successfully sealed new block            number=108 sealhash=426e79…bd3d8f hash=3b90e7…3db3ad elapsed=2.403s
INFO [11-08|21:19:41.052] 🔗 block reached canonical chain          number=101 hash=e4674b…cfb0c8
INFO [11-08|21:19:41.052] 🔨 mined potential block                  number=108 hash=3b90e7…3db3ad
INFO [11-08|21:19:41.052] Commit new mining work                   number=109 sealhash=618144…8e9b16 uncles=0 txs=0 gas=0 fees=0 elapsed=97.102µs
INFO [11-08|21:19:43.767] Successfully sealed new block            number=109 sealhash=618144…8e9b16 hash=c5c606…9b4f57 elapsed=2.714s
INFO [11-08|21:19:43.767] 🔗 block reached canonical chain          number=102 hash=d8d59f…30824b
INFO [11-08|21:19:43.767] 🔨 mined potential block                  number=109 hash=c5c606…9b4f57
INFO [11-08|21:19:43.767] Commit new mining work                   number=110 sealhash=0e2a3b…2d4588 uncles=0 txs=0 gas=0 fees=0 elapsed=76.824µs
INFO [11-08|21:19:44.826] Successfully sealed new block            number=110 sealhash=0e2a3b…2d4588 hash=ccfb03…b07435 elapsed=1.058s
INFO [11-08|21:19:44.826] 🔗 block reached canonical chain          number=103 hash=d9b2b8…0ef3a6
INFO [11-08|21:19:44.826] 🔨 mined potential block                  number=110 hash=ccfb03…b07435
INFO [11-08|21:19:44.826] Commit new mining work                   number=111 sealhash=de45b0…f4ef06 uncles=0 txs=0 gas=0 fees=0 elapsed=119.979µs
INFO [11-08|21:19:45.676] Successfully sealed new block            number=111 sealhash=de45b0…f4ef06 hash=8f4df4…87bb3c elapsed=850.071ms
INFO [11-08|21:19:45.676] 🔗 block reached canonical chain          number=104 hash=8f4de7…c90ab8
INFO [11-08|21:19:45.676] 🔨 mined potential block                  number=111 hash=8f4df4…87bb3c
INFO [11-08|21:19:45.676] Commit new mining work                   number=112 sealhash=740c07…7e4487 uncles=0 txs=0 gas=0 fees=0 elapsed=58.105µs
INFO [11-08|21:19:50.495] Successfully sealed new block            number=112 sealhash=740c07…7e4487 hash=6da24b…57933b elapsed=4.819s
INFO [11-08|21:19:50.496] 🔗 block reached canonical chain          number=105 hash=eac195…53698b
INFO [11-08|21:19:50.496] 🔨 mined potential block                  number=112 hash=6da24b…57933b
INFO [11-08|21:19:50.496] Commit new mining work                   number=113 sealhash=a77ebb…3fb50d uncles=0 txs=0 gas=0 fees=0 elapsed=124.073µs
INFO [11-08|21:19:52.240] Successfully sealed new block            number=113 sealhash=a77ebb…3fb50d hash=f0b9ef…53ca34 elapsed=1.744s
INFO [11-08|21:19:52.240] 🔗 block reached canonical chain          number=106 hash=f89acf…de07e5
INFO [11-08|21:19:52.240] 🔨 mined potential block                  number=113 hash=f0b9ef…53ca34
INFO [11-08|21:19:52.240] Commit new mining work                   number=114 sealhash=1376ff…5e80d3 uncles=0 txs=0 gas=0 fees=0 elapsed=82.666µs
INFO [11-08|21:19:54.528] Successfully sealed new block            number=114 sealhash=1376ff…5e80d3 hash=cbedf2…d4ff1d elapsed=2.287s
INFO [11-08|21:19:54.528] 🔗 block reached canonical chain          number=107 hash=d3dbf4…f48f84
INFO [11-08|21:19:54.528] 🔨 mined potential block                  number=114 hash=cbedf2…d4ff1d
INFO [11-08|21:19:54.528] Commit new mining work                   number=115 sealhash=311576…8a992d uncles=0 txs=0 gas=0 fees=0 elapsed=77.621µs
INFO [11-08|21:19:57.862] Successfully sealed new block            number=115 sealhash=311576…8a992d hash=546260…47ce4e elapsed=3.334s
INFO [11-08|21:19:57.862] 🔗 block reached canonical chain          number=108 hash=3b90e7…3db3ad
INFO [11-08|21:19:57.862] 🔨 mined potential block                  number=115 hash=546260…47ce4e
INFO [11-08|21:19:57.862] Commit new mining work                   number=116 sealhash=b22924…e07856 uncles=0 txs=0 gas=0 fees=0 elapsed=129.784µs
INFO [11-08|21:19:58.803] Successfully sealed new block            number=116 sealhash=b22924…e07856 hash=c068cb…9e8465 elapsed=940.917ms
INFO [11-08|21:19:58.813] 🔗 block reached canonical chain          number=109 hash=c5c606…9b4f57
INFO [11-08|21:19:58.813] 🔨 mined potential block                  number=116 hash=c068cb…9e8465
INFO [11-08|21:19:58.813] Commit new mining work                   number=117 sealhash=40b7e5…21758e uncles=0 txs=0 gas=0 fees=0 elapsed=91.145µs
INFO [11-08|21:20:05.529] Successfully sealed new block            number=117 sealhash=40b7e5…21758e hash=4bdc10…5e708d elapsed=6.715s
INFO [11-08|21:20:05.529] 🔗 block reached canonical chain          number=110 hash=ccfb03…b07435
INFO [11-08|21:20:05.529] 🔨 mined potential block                  number=117 hash=4bdc10…5e708d
INFO [11-08|21:20:05.529] Commit new mining work                   number=118 sealhash=047a42…b67ffb uncles=0 txs=0 gas=0 fees=0 elapsed=77.524µs
INFO [11-08|21:20:08.511] Successfully sealed new block            number=118 sealhash=047a42…b67ffb hash=c77001…69d393 elapsed=2.981s
INFO [11-08|21:20:08.511] 🔗 block reached canonical chain          number=111 hash=8f4df4…87bb3c
INFO [11-08|21:20:08.511] 🔨 mined potential block                  number=118 hash=c77001…69d393
INFO [11-08|21:20:08.511] Commit new mining work                   number=119 sealhash=44156f…cc5a34 uncles=0 txs=0 gas=0 fees=0 elapsed=108.159µs
INFO [11-08|21:20:10.014] Successfully sealed new block            number=119 sealhash=44156f…cc5a34 hash=9e77b7…cf5165 elapsed=1.502s
INFO [11-08|21:20:10.014] 🔗 block reached canonical chain          number=112 hash=6da24b…57933b
INFO [11-08|21:20:10.014] 🔨 mined potential block                  number=119 hash=9e77b7…cf5165
INFO [11-08|21:20:10.014] Commit new mining work                   number=120 sealhash=557a73…dd5f48 uncles=0 txs=0 gas=0 fees=0 elapsed=75.222µs
INFO [11-08|21:20:11.132] Successfully sealed new block            number=120 sealhash=557a73…dd5f48 hash=0cdb3b…d25dff elapsed=1.118s
INFO [11-08|21:20:11.132] 🔗 block reached canonical chain          number=113 hash=f0b9ef…53ca34
INFO [11-08|21:20:11.132] 🔨 mined potential block                  number=120 hash=0cdb3b…d25dff
INFO [11-08|21:20:11.132] Commit new mining work                   number=121 sealhash=5ac242…ef06a2 uncles=0 txs=0 gas=0 fees=0 elapsed=95.412µs
INFO [11-08|21:20:11.279] Successfully sealed new block            number=121 sealhash=5ac242…ef06a2 hash=e19f1f…c56275 elapsed=147.097ms
INFO [11-08|21:20:11.279] 🔗 block reached canonical chain          number=114 hash=cbedf2…d4ff1d
INFO [11-08|21:20:11.279] 🔨 mined potential block                  number=121 hash=e19f1f…c56275
INFO [11-08|21:20:11.279] Commit new mining work                   number=122 sealhash=f9bf3f…855a2d uncles=0 txs=0 gas=0 fees=0 elapsed=78.888µs
INFO [11-08|21:20:17.175] Successfully sealed new block            number=122 sealhash=f9bf3f…855a2d hash=a40baa…19e1e0 elapsed=5.895s
INFO [11-08|21:20:17.175] 🔗 block reached canonical chain          number=115 hash=546260…47ce4e
INFO [11-08|21:20:17.175] 🔨 mined potential block                  number=122 hash=a40baa…19e1e0
INFO [11-08|21:20:17.175] Commit new mining work                   number=123 sealhash=2f4b06…5ae0ac uncles=0 txs=0 gas=0 fees=0 elapsed=98.222µs
INFO [11-08|21:20:17.461] Successfully sealed new block            number=123 sealhash=2f4b06…5ae0ac hash=e1e19c…3ba6c1 elapsed=285.698ms
INFO [11-08|21:20:17.461] 🔗 block reached canonical chain          number=116 hash=c068cb…9e8465
INFO [11-08|21:20:17.461] 🔨 mined potential block                  number=123 hash=e1e19c…3ba6c1
INFO [11-08|21:20:17.461] Commit new mining work                   number=124 sealhash=ac9ddf…feb0a1 uncles=0 txs=0 gas=0 fees=0 elapsed=117.79µs
INFO [11-08|21:20:19.072] Successfully sealed new block            number=124 sealhash=ac9ddf…feb0a1 hash=f26914…20e039 elapsed=1.611s
INFO [11-08|21:20:19.072] 🔗 block reached canonical chain          number=117 hash=4bdc10…5e708d
INFO [11-08|21:20:19.072] 🔨 mined potential block                  number=124 hash=f26914…20e039
INFO [11-08|21:20:19.073] Commit new mining work                   number=125 sealhash=025350…34ef8b uncles=0 txs=0 gas=0 fees=0 elapsed=78.907µs
INFO [11-08|21:20:20.311] Successfully sealed new block            number=125 sealhash=025350…34ef8b hash=d80cfc…eefe58 elapsed=1.238s
INFO [11-08|21:20:20.311] 🔗 block reached canonical chain          number=118 hash=c77001…69d393
INFO [11-08|21:20:20.311] 🔨 mined potential block                  number=125 hash=d80cfc…eefe58
INFO [11-08|21:20:20.311] Commit new mining work                   number=126 sealhash=d215d7…d09eca uncles=0 txs=0 gas=0 fees=0 elapsed=130.93µs
INFO [11-08|21:20:20.864] Successfully sealed new block            number=126 sealhash=d215d7…d09eca hash=dc3167…20e849 elapsed=552.543ms
INFO [11-08|21:20:20.864] 🔗 block reached canonical chain          number=119 hash=9e77b7…cf5165
INFO [11-08|21:20:20.864] 🔨 mined potential block                  number=126 hash=dc3167…20e849
INFO [11-08|21:20:20.864] Commit new mining work                   number=127 sealhash=60d3fb…111729 uncles=0 txs=0 gas=0 fees=0 elapsed=97.215µs
INFO [11-08|21:20:21.041] Successfully sealed new block            number=127 sealhash=60d3fb…111729 hash=a12f4c…859a77 elapsed=176.475ms
INFO [11-08|21:20:21.041] 🔗 block reached canonical chain          number=120 hash=0cdb3b…d25dff
INFO [11-08|21:20:21.041] 🔨 mined potential block                  number=127 hash=a12f4c…859a77
INFO [11-08|21:20:21.041] Commit new mining work                   number=128 sealhash=3b0c7d…2d70d7 uncles=0 txs=0 gas=0 fees=0 elapsed=74.112µs
INFO [11-08|21:20:21.847] Successfully sealed new block            number=128 sealhash=3b0c7d…2d70d7 hash=071838…12daca elapsed=806.227ms
INFO [11-08|21:20:21.847] 🔗 block reached canonical chain          number=121 hash=e19f1f…c56275
INFO [11-08|21:20:21.847] 🔨 mined potential block                  number=128 hash=071838…12daca
INFO [11-08|21:20:21.847] Mining too far in the future             wait=2s
INFO [11-08|21:20:23.848] Commit new mining work                   number=129 sealhash=dc6803…f06f42 uncles=0 txs=0 gas=0 fees=0 elapsed=2.000s
INFO [11-08|21:20:23.980] Successfully sealed new block            number=129 sealhash=dc6803…f06f42 hash=fb48b7…26a5f2 elapsed=131.975ms
INFO [11-08|21:20:23.980] 🔗 block reached canonical chain          number=122 hash=a40baa…19e1e0
INFO [11-08|21:20:23.980] 🔨 mined potential block                  number=129 hash=fb48b7…26a5f2
INFO [11-08|21:20:23.980] Commit new mining work                   number=130 sealhash=f848da…0ca907 uncles=0 txs=0 gas=0 fees=0 elapsed=61.648µs
INFO [11-08|21:20:24.311] Successfully sealed new block            number=130 sealhash=f848da…0ca907 hash=028706…54e828 elapsed=330.934ms
INFO [11-08|21:20:24.311] 🔗 block reached canonical chain          number=123 hash=e1e19c…3ba6c1
INFO [11-08|21:20:24.311] 🔨 mined potential block                  number=130 hash=028706…54e828
INFO [11-08|21:20:24.311] Commit new mining work                   number=131 sealhash=12a711…841c40 uncles=0 txs=0 gas=0 fees=0 elapsed=138.765µs
INFO [11-08|21:20:24.704] Successfully sealed new block            number=131 sealhash=12a711…841c40 hash=708aff…9ee033 elapsed=392.631ms
INFO [11-08|21:20:24.704] 🔗 block reached canonical chain          number=124 hash=f26914…20e039
INFO [11-08|21:20:24.704] 🔨 mined potential block                  number=131 hash=708aff…9ee033
INFO [11-08|21:20:24.704] Mining too far in the future             wait=2s
INFO [11-08|21:20:26.705] Commit new mining work                   number=132 sealhash=ca6afa…f2b945 uncles=0 txs=0 gas=0 fees=0 elapsed=2.000s
INFO [11-08|21:20:33.079] Successfully sealed new block            number=132 sealhash=ca6afa…f2b945 hash=dc80eb…a5f566 elapsed=6.374s
INFO [11-08|21:20:33.079] 🔗 block reached canonical chain          number=125 hash=d80cfc…eefe58
INFO [11-08|21:20:33.079] 🔨 mined potential block                  number=132 hash=dc80eb…a5f566
INFO [11-08|21:20:33.079] Commit new mining work                   number=133 sealhash=5da5e6…b5c797 uncles=0 txs=0 gas=0 fees=0 elapsed=129.456µs
INFO [11-08|21:20:33.228] Successfully sealed new block            number=133 sealhash=5da5e6…b5c797 hash=370ff4…32ebdf elapsed=149.243ms
INFO [11-08|21:20:33.229] 🔗 block reached canonical chain          number=126 hash=dc3167…20e849
INFO [11-08|21:20:33.229] 🔨 mined potential block                  number=133 hash=370ff4…32ebdf
INFO [11-08|21:20:33.229] Commit new mining work                   number=134 sealhash=a19e2a…9bb8ca uncles=0 txs=0 gas=0 fees=0 elapsed=109.703µs
INFO [11-08|21:20:33.555] Successfully sealed new block            number=134 sealhash=a19e2a…9bb8ca hash=1e0279…4908e0 elapsed=326.094ms
INFO [11-08|21:20:33.555] 🔗 block reached canonical chain          number=127 hash=a12f4c…859a77
INFO [11-08|21:20:33.555] 🔨 mined potential block                  number=134 hash=1e0279…4908e0
INFO [11-08|21:20:33.555] Mining too far in the future             wait=2s
INFO [11-08|21:20:35.556] Commit new mining work                   number=135 sealhash=1db54f…79421a uncles=0 txs=0 gas=0 fees=0 elapsed=2.000s
INFO [11-08|21:20:38.318] Successfully sealed new block            number=135 sealhash=1db54f…79421a hash=4b1ed1…cafe01 elapsed=2.762s
INFO [11-08|21:20:38.318] 🔗 block reached canonical chain          number=128 hash=071838…12daca
INFO [11-08|21:20:38.318] 🔨 mined potential block                  number=135 hash=4b1ed1…cafe01
INFO [11-08|21:20:38.318] Commit new mining work                   number=136 sealhash=7c0737…aa59e3 uncles=0 txs=0 gas=0 fees=0 elapsed=91.326µs
INFO [11-08|21:20:40.916] Successfully sealed new block            number=136 sealhash=7c0737…aa59e3 hash=0b7752…4edbe9 elapsed=2.597s
INFO [11-08|21:20:40.916] 🔗 block reached canonical chain          number=129 hash=fb48b7…26a5f2
INFO [11-08|21:20:40.916] 🔨 mined potential block                  number=136 hash=0b7752…4edbe9
INFO [11-08|21:20:40.916] Commit new mining work                   number=137 sealhash=481e55…ca4138 uncles=0 txs=0 gas=0 fees=0 elapsed=97.71µs
INFO [11-08|21:20:41.572] Successfully sealed new block            number=137 sealhash=481e55…ca4138 hash=221bdf…db9de0 elapsed=656.026ms
INFO [11-08|21:20:41.573] 🔗 block reached canonical chain          number=130 hash=028706…54e828
INFO [11-08|21:20:41.573] 🔨 mined potential block                  number=137 hash=221bdf…db9de0
INFO [11-08|21:20:41.573] Commit new mining work                   number=138 sealhash=ce4e4a…4c176d uncles=0 txs=0 gas=0 fees=0 elapsed=82.052µs
INFO [11-08|21:20:43.631] Successfully sealed new block            number=138 sealhash=ce4e4a…4c176d hash=4233aa…5b190d elapsed=2.058s
INFO [11-08|21:20:43.631] 🔗 block reached canonical chain          number=131 hash=708aff…9ee033
INFO [11-08|21:20:43.631] 🔨 mined potential block                  number=138 hash=4233aa…5b190d
INFO [11-08|21:20:43.631] Commit new mining work                   number=139 sealhash=7189ce…06f060 uncles=0 txs=0 gas=0 fees=0 elapsed=103.751µs
INFO [11-08|21:20:44.673] Successfully sealed new block            number=139 sealhash=7189ce…06f060 hash=62e878…dc99e3 elapsed=1.041s
INFO [11-08|21:20:44.673] 🔗 block reached canonical chain          number=132 hash=dc80eb…a5f566
INFO [11-08|21:20:44.673] 🔨 mined potential block                  number=139 hash=62e878…dc99e3
INFO [11-08|21:20:44.673] Commit new mining work                   number=140 sealhash=c303b0…34aa49 uncles=0 txs=0 gas=0 fees=0 elapsed=91.963µs
INFO [11-08|21:20:44.875] Successfully sealed new block            number=140 sealhash=c303b0…34aa49 hash=33db29…d39d25 elapsed=202.364ms
INFO [11-08|21:20:44.875] 🔗 block reached canonical chain          number=133 hash=370ff4…32ebdf
INFO [11-08|21:20:44.875] 🔨 mined potential block                  number=140 hash=33db29…d39d25
INFO [11-08|21:20:44.876] Commit new mining work                   number=141 sealhash=033aab…68eff0 uncles=0 txs=0 gas=0 fees=0 elapsed=88.169µs
INFO [11-08|21:20:44.995] Successfully sealed new block            number=141 sealhash=033aab…68eff0 hash=d5a836…45582a elapsed=119.904ms
INFO [11-08|21:20:44.996] 🔗 block reached canonical chain          number=134 hash=1e0279…4908e0
INFO [11-08|21:20:44.996] 🔨 mined potential block                  number=141 hash=d5a836…45582a
INFO [11-08|21:20:44.996] Mining too far in the future             wait=2s
INFO [11-08|21:20:46.997] Commit new mining work                   number=142 sealhash=ba992a…e1c8c2 uncles=0 txs=0 gas=0 fees=0 elapsed=2.001s
INFO [11-08|21:20:47.021] Successfully sealed new block            number=142 sealhash=ba992a…e1c8c2 hash=bee35d…7e0835 elapsed=23.822ms
INFO [11-08|21:20:47.021] 🔗 block reached canonical chain          number=135 hash=4b1ed1…cafe01
INFO [11-08|21:20:47.021] 🔨 mined potential block                  number=142 hash=bee35d…7e0835
INFO [11-08|21:20:47.021] Commit new mining work                   number=143 sealhash=dbb5f0…3e680d uncles=0 txs=0 gas=0 fees=0 elapsed=61.476µs
INFO [11-08|21:20:47.210] Successfully sealed new block            number=143 sealhash=dbb5f0…3e680d hash=59e92c…8bed00 elapsed=188.305ms
INFO [11-08|21:20:47.210] 🔗 block reached canonical chain          number=136 hash=0b7752…4edbe9
INFO [11-08|21:20:47.210] 🔨 mined potential block                  number=143 hash=59e92c…8bed00
INFO [11-08|21:20:47.210] Commit new mining work                   number=144 sealhash=77c504…606a44 uncles=0 txs=0 gas=0 fees=0 elapsed=73.725µs
INFO [11-08|21:20:47.303] Successfully sealed new block            number=144 sealhash=77c504…606a44 hash=df276b…8fef88 elapsed=92.646ms
INFO [11-08|21:20:47.303] 🔗 block reached canonical chain          number=137 hash=221bdf…db9de0
INFO [11-08|21:20:47.303] 🔨 mined potential block                  number=144 hash=df276b…8fef88
INFO [11-08|21:20:47.303] Mining too far in the future             wait=2s
INFO [11-08|21:20:49.303] Commit new mining work                   number=145 sealhash=540bde…40cec0 uncles=0 txs=0 gas=0 fees=0 elapsed=2.000s
INFO [11-08|21:20:50.177] Successfully sealed new block            number=145 sealhash=540bde…40cec0 hash=ffbce1…8d46ce elapsed=873.700ms
INFO [11-08|21:20:50.177] 🔗 block reached canonical chain          number=138 hash=4233aa…5b190d
INFO [11-08|21:20:50.177] 🔨 mined potential block                  number=145 hash=ffbce1…8d46ce
INFO [11-08|21:20:50.177] Commit new mining work                   number=146 sealhash=1df2b4…cdabe8 uncles=0 txs=0 gas=0 fees=0 elapsed=79.158µs
INFO [11-08|21:20:51.511] Successfully sealed new block            number=146 sealhash=1df2b4…cdabe8 hash=917fe6…43c2d3 elapsed=1.333s
INFO [11-08|21:20:51.511] 🔗 block reached canonical chain          number=139 hash=62e878…dc99e3
INFO [11-08|21:20:51.511] 🔨 mined potential block                  number=146 hash=917fe6…43c2d3
INFO [11-08|21:20:51.511] Commit new mining work                   number=147 sealhash=7d5cfa…43b1c7 uncles=0 txs=0 gas=0 fees=0 elapsed=73.151µs
INFO [11-08|21:20:54.086] Successfully sealed new block            number=147 sealhash=7d5cfa…43b1c7 hash=72742a…e2fd51 elapsed=2.574s
INFO [11-08|21:20:54.086] 🔗 block reached canonical chain          number=140 hash=33db29…d39d25
INFO [11-08|21:20:54.086] 🔨 mined potential block                  number=147 hash=72742a…e2fd51
INFO [11-08|21:20:54.086] Commit new mining work                   number=148 sealhash=ce2ca3…3a8f4f uncles=0 txs=0 gas=0 fees=0 elapsed=121.36µs
INFO [11-08|21:20:54.176] Successfully sealed new block            number=148 sealhash=ce2ca3…3a8f4f hash=0ffa61…d8cd9b elapsed=90.141ms
INFO [11-08|21:20:54.176] 🔗 block reached canonical chain          number=141 hash=d5a836…45582a
INFO [11-08|21:20:54.176] 🔨 mined potential block                  number=148 hash=0ffa61…d8cd9b
INFO [11-08|21:20:54.176] Commit new mining work                   number=149 sealhash=9a2621…1fbd58 uncles=0 txs=0 gas=0 fees=0 elapsed=72.547µs
INFO [11-08|21:20:54.519] Successfully sealed new block            number=149 sealhash=9a2621…1fbd58 hash=32026d…b07b05 elapsed=342.848ms
INFO [11-08|21:20:54.519] 🔗 block reached canonical chain          number=142 hash=bee35d…7e0835
INFO [11-08|21:20:54.519] 🔨 mined potential block                  number=149 hash=32026d…b07b05
INFO [11-08|21:20:54.519] Mining too far in the future             wait=2s
INFO [11-08|21:20:56.520] Commit new mining work                   number=150 sealhash=b1c45f…ac6f50 uncles=0 txs=0 gas=0 fees=0 elapsed=2.001s
INFO [11-08|21:20:57.139] Successfully sealed new block            number=150 sealhash=b1c45f…ac6f50 hash=fa8233…1584e1 elapsed=618.975ms
INFO [11-08|21:20:57.139] 🔗 block reached canonical chain          number=143 hash=59e92c…8bed00
INFO [11-08|21:20:57.139] 🔨 mined potential block                  number=150 hash=fa8233…1584e1
INFO [11-08|21:20:57.140] Commit new mining work                   number=151 sealhash=77ecfa…d78d40 uncles=0 txs=0 gas=0 fees=0 elapsed=81.649µs
INFO [11-08|21:20:57.555] Successfully sealed new block            number=151 sealhash=77ecfa…d78d40 hash=b3b6cc…ff6d57 elapsed=415.527ms
INFO [11-08|21:20:57.555] 🔗 block reached canonical chain          number=144 hash=df276b…8fef88
INFO [11-08|21:20:57.555] 🔨 mined potential block                  number=151 hash=b3b6cc…ff6d57
INFO [11-08|21:20:57.555] Commit new mining work                   number=152 sealhash=a79958…23a699 uncles=0 txs=0 gas=0 fees=0 elapsed=90.628µs
INFO [11-08|21:20:58.477] Successfully sealed new block            number=152 sealhash=a79958…23a699 hash=eae7e3…8b60d8 elapsed=921.290ms
INFO [11-08|21:20:58.477] 🔗 block reached canonical chain          number=145 hash=ffbce1…8d46ce
INFO [11-08|21:20:58.477] 🔨 mined potential block                  number=152 hash=eae7e3…8b60d8
INFO [11-08|21:20:58.477] Commit new mining work                   number=153 sealhash=fdfa2e…5cddb3 uncles=0 txs=0 gas=0 fees=0 elapsed=61.846µs
INFO [11-08|21:20:58.482] Successfully sealed new block            number=153 sealhash=fdfa2e…5cddb3 hash=86d31f…74b419 elapsed=5.684ms
INFO [11-08|21:20:58.482] 🔗 block reached canonical chain          number=146 hash=917fe6…43c2d3
INFO [11-08|21:20:58.482] 🔨 mined potential block                  number=153 hash=86d31f…74b419
INFO [11-08|21:20:58.482] Mining too far in the future             wait=2s
INFO [11-08|21:21:00.484] Commit new mining work                   number=154 sealhash=651b5f…58a998 uncles=0 txs=0 gas=0 fees=0 elapsed=2.001s
INFO [11-08|21:21:02.372] Successfully sealed new block            number=154 sealhash=651b5f…58a998 hash=483d3b…a7cec2 elapsed=1.888s
INFO [11-08|21:21:02.372] 🔗 block reached canonical chain          number=147 hash=72742a…e2fd51
INFO [11-08|21:21:02.372] 🔨 mined potential block                  number=154 hash=483d3b…a7cec2
INFO [11-08|21:21:02.372] Commit new mining work                   number=155 sealhash=9aab46…611a40 uncles=0 txs=0 gas=0 fees=0 elapsed=87.564µs
INFO [11-08|21:21:02.605] Successfully sealed new block            number=155 sealhash=9aab46…611a40 hash=ac8f65…e7aa3a elapsed=232.471ms
INFO [11-08|21:21:02.605] 🔗 block reached canonical chain          number=148 hash=0ffa61…d8cd9b
INFO [11-08|21:21:02.605] 🔨 mined potential block                  number=155 hash=ac8f65…e7aa3a
INFO [11-08|21:21:02.605] Commit new mining work                   number=156 sealhash=6b84a3…d434ad uncles=0 txs=0 gas=0 fees=0 elapsed=83.748µs
INFO [11-08|21:21:03.858] Successfully sealed new block            number=156 sealhash=6b84a3…d434ad hash=5c5a3c…263b9c elapsed=1.252s
INFO [11-08|21:21:03.858] 🔗 block reached canonical chain          number=149 hash=32026d…b07b05
INFO [11-08|21:21:03.858] 🔨 mined potential block                  number=156 hash=5c5a3c…263b9c
INFO [11-08|21:21:03.858] Commit new mining work                   number=157 sealhash=12514a…89e9d3 uncles=0 txs=0 gas=0 fees=0 elapsed=110.871µs
INFO [11-08|21:21:04.373] Successfully sealed new block            number=157 sealhash=12514a…89e9d3 hash=62de1b…e2c9ff elapsed=514.785ms
INFO [11-08|21:21:04.373] 🔗 block reached canonical chain          number=150 hash=fa8233…1584e1
INFO [11-08|21:21:04.373] 🔨 mined potential block                  number=157 hash=62de1b…e2c9ff
INFO [11-08|21:21:04.373] Commit new mining work                   number=158 sealhash=a33529…b8e1e0 uncles=0 txs=0 gas=0 fees=0 elapsed=68.609µs
INFO [11-08|21:21:06.271] Successfully sealed new block            number=158 sealhash=a33529…b8e1e0 hash=6ee1a8…45357c elapsed=1.897s
INFO [11-08|21:21:06.271] 🔗 block reached canonical chain          number=151 hash=b3b6cc…ff6d57
INFO [11-08|21:21:06.271] 🔨 mined potential block                  number=158 hash=6ee1a8…45357c
INFO [11-08|21:21:06.271] Commit new mining work                   number=159 sealhash=232dc7…f02dd1 uncles=0 txs=0 gas=0 fees=0 elapsed=87.65µs
INFO [11-08|21:21:13.053] Successfully sealed new block            number=159 sealhash=232dc7…f02dd1 hash=d476cf…a90386 elapsed=6.781s
INFO [11-08|21:21:13.053] 🔗 block reached canonical chain          number=152 hash=eae7e3…8b60d8
INFO [11-08|21:21:13.053] 🔨 mined potential block                  number=159 hash=d476cf…a90386
INFO [11-08|21:21:13.053] Commit new mining work                   number=160 sealhash=fdffea…ec7f07 uncles=0 txs=0 gas=0 fees=0 elapsed=105.735µs
INFO [11-08|21:21:17.202] Successfully sealed new block            number=160 sealhash=fdffea…ec7f07 hash=513c93…138fc1 elapsed=4.149s
INFO [11-08|21:21:17.202] 🔗 block reached canonical chain          number=153 hash=86d31f…74b419
INFO [11-08|21:21:17.202] 🔨 mined potential block                  number=160 hash=513c93…138fc1
INFO [11-08|21:21:17.203] Commit new mining work                   number=161 sealhash=2a32a3…fa0726 uncles=0 txs=0 gas=0 fees=0 elapsed=120.836µs
INFO [11-08|21:21:17.688] Successfully sealed new block            number=161 sealhash=2a32a3…fa0726 hash=121680…828ebd elapsed=485.342ms
INFO [11-08|21:21:17.688] 🔗 block reached canonical chain          number=154 hash=483d3b…a7cec2
INFO [11-08|21:21:17.688] 🔨 mined potential block                  number=161 hash=121680…828ebd
INFO [11-08|21:21:17.688] Commit new mining work                   number=162 sealhash=e4ff76…4fc294 uncles=0 txs=0 gas=0 fees=0 elapsed=72.165µs
INFO [11-08|21:21:18.486] Successfully sealed new block            number=162 sealhash=e4ff76…4fc294 hash=708d54…39a3a8 elapsed=797.565ms
INFO [11-08|21:21:18.486] 🔗 block reached canonical chain          number=155 hash=ac8f65…e7aa3a
INFO [11-08|21:21:18.486] 🔨 mined potential block                  number=162 hash=708d54…39a3a8
INFO [11-08|21:21:18.486] Commit new mining work                   number=163 sealhash=c67c71…df5a08 uncles=0 txs=0 gas=0 fees=0 elapsed=73.436µs
INFO [11-08|21:21:20.934] Successfully sealed new block            number=163 sealhash=c67c71…df5a08 hash=4158d5…416151 elapsed=2.448s
INFO [11-08|21:21:20.934] 🔗 block reached canonical chain          number=156 hash=5c5a3c…263b9c
INFO [11-08|21:21:20.934] 🔨 mined potential block                  number=163 hash=4158d5…416151
INFO [11-08|21:21:20.935] Commit new mining work                   number=164 sealhash=b94b8b…96f6b3 uncles=0 txs=0 gas=0 fees=0 elapsed=135.255µs
INFO [11-08|21:21:24.080] Successfully sealed new block            number=164 sealhash=b94b8b…96f6b3 hash=8c7ada…c1b6ea elapsed=3.145s
INFO [11-08|21:21:24.080] 🔗 block reached canonical chain          number=157 hash=62de1b…e2c9ff
INFO [11-08|21:21:24.080] 🔨 mined potential block                  number=164 hash=8c7ada…c1b6ea
INFO [11-08|21:21:24.080] Commit new mining work                   number=165 sealhash=eece7a…e569d3 uncles=0 txs=0 gas=0 fees=0 elapsed=121.239µs
INFO [11-08|21:21:25.910] Successfully sealed new block            number=165 sealhash=eece7a…e569d3 hash=e2f96a…887855 elapsed=1.830s
INFO [11-08|21:21:25.911] 🔗 block reached canonical chain          number=158 hash=6ee1a8…45357c
INFO [11-08|21:21:25.911] 🔨 mined potential block                  number=165 hash=e2f96a…887855
INFO [11-08|21:21:25.911] Commit new mining work                   number=166 sealhash=b142b0…a30a9c uncles=0 txs=0 gas=0 fees=0 elapsed=80.658µs
INFO [11-08|21:21:27.627] Successfully sealed new block            number=166 sealhash=b142b0…a30a9c hash=6264b9…505f88 elapsed=1.716s
INFO [11-08|21:21:27.627] 🔗 block reached canonical chain          number=159 hash=d476cf…a90386
INFO [11-08|21:21:27.627] 🔨 mined potential block                  number=166 hash=6264b9…505f88
INFO [11-08|21:21:27.627] Commit new mining work                   number=167 sealhash=992ef5…0ca678 uncles=0 txs=0 gas=0 fees=0 elapsed=81.206µs
INFO [11-08|21:21:27.842] Successfully sealed new block            number=167 sealhash=992ef5…0ca678 hash=4c478c…113d97 elapsed=215.239ms
INFO [11-08|21:21:27.842] 🔗 block reached canonical chain          number=160 hash=513c93…138fc1
INFO [11-08|21:21:27.842] 🔨 mined potential block                  number=167 hash=4c478c…113d97
INFO [11-08|21:21:27.842] Commit new mining work                   number=168 sealhash=972484…330364 uncles=0 txs=0 gas=0 fees=0 elapsed=98.909µs
INFO [11-08|21:21:32.083] Successfully sealed new block            number=168 sealhash=972484…330364 hash=1187aa…70970b elapsed=4.241s
INFO [11-08|21:21:32.083] 🔗 block reached canonical chain          number=161 hash=121680…828ebd
INFO [11-08|21:21:32.083] 🔨 mined potential block                  number=168 hash=1187aa…70970b
INFO [11-08|21:21:32.084] Commit new mining work                   number=169 sealhash=410907…8b5174 uncles=0 txs=0 gas=0 fees=0 elapsed=78.571µs
INFO [11-08|21:21:32.228] Successfully sealed new block            number=169 sealhash=410907…8b5174 hash=c1cfad…1169dd elapsed=143.962ms
INFO [11-08|21:21:32.228] 🔗 block reached canonical chain          number=162 hash=708d54…39a3a8
INFO [11-08|21:21:32.228] 🔨 mined potential block                  number=169 hash=c1cfad…1169dd
INFO [11-08|21:21:32.228] Commit new mining work                   number=170 sealhash=cd2c04…aee58d uncles=0 txs=0 gas=0 fees=0 elapsed=166.088µs
INFO [11-08|21:21:33.595] Successfully sealed new block            number=170 sealhash=cd2c04…aee58d hash=a47093…54bc8d elapsed=1.367s
INFO [11-08|21:21:33.595] 🔗 block reached canonical chain          number=163 hash=4158d5…416151
INFO [11-08|21:21:33.595] 🔨 mined potential block                  number=170 hash=a47093…54bc8d
INFO [11-08|21:21:33.595] Commit new mining work                   number=171 sealhash=f3f895…ee8dda uncles=0 txs=0 gas=0 fees=0 elapsed=66.458µs
INFO [11-08|21:21:34.818] Successfully sealed new block            number=171 sealhash=f3f895…ee8dda hash=ae7cc3…7bc5c6 elapsed=1.223s
INFO [11-08|21:21:34.818] 🔗 block reached canonical chain          number=164 hash=8c7ada…c1b6ea
INFO [11-08|21:21:34.818] 🔨 mined potential block                  number=171 hash=ae7cc3…7bc5c6
INFO [11-08|21:21:34.819] Commit new mining work                   number=172 sealhash=108139…e9492b uncles=0 txs=0 gas=0 fees=0 elapsed=114.737µs
INFO [11-08|21:21:36.401] Successfully sealed new block            number=172 sealhash=108139…e9492b hash=698006…5a1596 elapsed=1.582s
INFO [11-08|21:21:36.401] 🔗 block reached canonical chain          number=165 hash=e2f96a…887855
INFO [11-08|21:21:36.401] 🔨 mined potential block                  number=172 hash=698006…5a1596
INFO [11-08|21:21:36.401] Commit new mining work                   number=173 sealhash=e0e3cd…bbc64e uncles=0 txs=0 gas=0 fees=0 elapsed=92.043µs
INFO [11-08|21:21:36.588] Successfully sealed new block            number=173 sealhash=e0e3cd…bbc64e hash=2e30f1…781c56 elapsed=186.739ms
INFO [11-08|21:21:36.588] 🔗 block reached canonical chain          number=166 hash=6264b9…505f88
INFO [11-08|21:21:36.588] 🔨 mined potential block                  number=173 hash=2e30f1…781c56
INFO [11-08|21:21:36.588] Commit new mining work                   number=174 sealhash=4fc567…50b675 uncles=0 txs=0 gas=0 fees=0 elapsed=71.969µs
INFO [11-08|21:21:46.853] Successfully sealed new block            number=174 sealhash=4fc567…50b675 hash=b10a1f…f3394c elapsed=10.265s
INFO [11-08|21:21:46.853] 🔗 block reached canonical chain          number=167 hash=4c478c…113d97
INFO [11-08|21:21:46.853] 🔨 mined potential block                  number=174 hash=b10a1f…f3394c
INFO [11-08|21:21:46.854] Commit new mining work                   number=175 sealhash=298468…f4c9dc uncles=0 txs=0 gas=0 fees=0 elapsed=104.532µs
INFO [11-08|21:21:54.847] Successfully sealed new block            number=175 sealhash=298468…f4c9dc hash=ad0650…f07340 elapsed=7.993s
INFO [11-08|21:21:54.847] 🔗 block reached canonical chain          number=168 hash=1187aa…70970b
INFO [11-08|21:21:54.847] 🔨 mined potential block                  number=175 hash=ad0650…f07340
INFO [11-08|21:21:54.847] Commit new mining work                   number=176 sealhash=b49267…86c389 uncles=0 txs=0 gas=0 fees=0 elapsed=94.18µs
INFO [11-08|21:21:56.158] Successfully sealed new block            number=176 sealhash=b49267…86c389 hash=8f456a…29469c elapsed=1.310s
INFO [11-08|21:21:56.158] 🔗 block reached canonical chain          number=169 hash=c1cfad…1169dd
INFO [11-08|21:21:56.158] 🔨 mined potential block                  number=176 hash=8f456a…29469c
INFO [11-08|21:21:56.158] Commit new mining work                   number=177 sealhash=46c713…fb4683 uncles=0 txs=0 gas=0 fees=0 elapsed=79.02µs
INFO [11-08|21:21:58.147] Successfully sealed new block            number=177 sealhash=46c713…fb4683 hash=69ddff…91b5e3 elapsed=1.988s
INFO [11-08|21:21:58.147] 🔗 block reached canonical chain          number=170 hash=a47093…54bc8d
INFO [11-08|21:21:58.147] 🔨 mined potential block                  number=177 hash=69ddff…91b5e3
INFO [11-08|21:21:58.147] Commit new mining work                   number=178 sealhash=7be1fa…72fb8d uncles=0 txs=0 gas=0 fees=0 elapsed=82.986µs
INFO [11-08|21:22:02.203] Successfully sealed new block            number=178 sealhash=7be1fa…72fb8d hash=3665c5…22125f elapsed=4.055s
INFO [11-08|21:22:02.203] 🔗 block reached canonical chain          number=171 hash=ae7cc3…7bc5c6
INFO [11-08|21:22:02.203] 🔨 mined potential block                  number=178 hash=3665c5…22125f
INFO [11-08|21:22:02.203] Commit new mining work                   number=179 sealhash=6b4831…3aaea7 uncles=0 txs=0 gas=0 fees=0 elapsed=136.94µs
INFO [11-08|21:22:05.462] Successfully sealed new block            number=179 sealhash=6b4831…3aaea7 hash=9c89b1…39cfc3 elapsed=3.258s
INFO [11-08|21:22:05.462] 🔗 block reached canonical chain          number=172 hash=698006…5a1596
INFO [11-08|21:22:05.462] 🔨 mined potential block                  number=179 hash=9c89b1…39cfc3
INFO [11-08|21:22:05.462] Commit new mining work                   number=180 sealhash=518ad8…bddac4 uncles=0 txs=0 gas=0 fees=0 elapsed=106.018µs
INFO [11-08|21:22:05.545] Successfully sealed new block            number=180 sealhash=518ad8…bddac4 hash=4707cb…35ba75 elapsed=83.087ms
INFO [11-08|21:22:05.545] 🔗 block reached canonical chain          number=173 hash=2e30f1…781c56
INFO [11-08|21:22:05.545] 🔨 mined potential block                  number=180 hash=4707cb…35ba75
INFO [11-08|21:22:05.545] Commit new mining work                   number=181 sealhash=72505f…920cc1 uncles=0 txs=0 gas=0 fees=0 elapsed=67.156µs
INFO [11-08|21:22:05.928] Successfully sealed new block            number=181 sealhash=72505f…920cc1 hash=9d5387…68c46c elapsed=382.345ms
INFO [11-08|21:22:05.928] 🔗 block reached canonical chain          number=174 hash=b10a1f…f3394c
INFO [11-08|21:22:05.928] 🔨 mined potential block                  number=181 hash=9d5387…68c46c
INFO [11-08|21:22:05.928] Mining too far in the future             wait=2s
INFO [11-08|21:22:07.929] Commit new mining work                   number=182 sealhash=ca30d8…eb11ab uncles=0 txs=0 gas=0 fees=0 elapsed=2.001s
INFO [11-08|21:22:08.326] Successfully sealed new block            number=182 sealhash=ca30d8…eb11ab hash=4ce758…5eab43 elapsed=397.471ms
INFO [11-08|21:22:08.326] 🔗 block reached canonical chain          number=175 hash=ad0650…f07340
INFO [11-08|21:22:08.326] 🔨 mined potential block                  number=182 hash=4ce758…5eab43
INFO [11-08|21:22:08.327] Commit new mining work                   number=183 sealhash=b66b17…050ea1 uncles=0 txs=0 gas=0 fees=0 elapsed=74.546µs
INFO [11-08|21:22:10.866] Successfully sealed new block            number=183 sealhash=b66b17…050ea1 hash=c8fa3d…6c89a6 elapsed=2.539s
INFO [11-08|21:22:10.866] 🔗 block reached canonical chain          number=176 hash=8f456a…29469c
INFO [11-08|21:22:10.866] 🔨 mined potential block                  number=183 hash=c8fa3d…6c89a6
INFO [11-08|21:22:10.867] Commit new mining work                   number=184 sealhash=4ad8ce…6d108e uncles=0 txs=0 gas=0 fees=0 elapsed=132.26µs
INFO [11-08|21:22:12.434] Successfully sealed new block            number=184 sealhash=4ad8ce…6d108e hash=f23041…492b97 elapsed=1.567s
INFO [11-08|21:22:12.434] 🔗 block reached canonical chain          number=177 hash=69ddff…91b5e3
INFO [11-08|21:22:12.434] 🔨 mined potential block                  number=184 hash=f23041…492b97
INFO [11-08|21:22:12.434] Commit new mining work                   number=185 sealhash=4fda82…a31e49 uncles=0 txs=0 gas=0 fees=0 elapsed=86.908µs
INFO [11-08|21:22:12.712] Successfully sealed new block            number=185 sealhash=4fda82…a31e49 hash=7e1e13…dba028 elapsed=277.725ms
INFO [11-08|21:22:12.712] 🔗 block reached canonical chain          number=178 hash=3665c5…22125f
INFO [11-08|21:22:12.712] 🔨 mined potential block                  number=185 hash=7e1e13…dba028
INFO [11-08|21:22:12.712] Commit new mining work                   number=186 sealhash=1a4242…92a4ab uncles=0 txs=0 gas=0 fees=0 elapsed=83.127µs
INFO [11-08|21:22:13.220] Successfully sealed new block            number=186 sealhash=1a4242…92a4ab hash=8c9cb8…cd2bfe elapsed=508.120ms
INFO [11-08|21:22:13.220] 🔗 block reached canonical chain          number=179 hash=9c89b1…39cfc3
INFO [11-08|21:22:13.220] 🔨 mined potential block                  number=186 hash=8c9cb8…cd2bfe
INFO [11-08|21:22:13.221] Commit new mining work                   number=187 sealhash=8dc87f…588365 uncles=0 txs=0 gas=0 fees=0 elapsed=108.542µs
INFO [11-08|21:22:13.391] Successfully sealed new block            number=187 sealhash=8dc87f…588365 hash=e7ab5f…af922a elapsed=170.624ms
INFO [11-08|21:22:13.391] 🔗 block reached canonical chain          number=180 hash=4707cb…35ba75
INFO [11-08|21:22:13.391] 🔨 mined potential block                  number=187 hash=e7ab5f…af922a
INFO [11-08|21:22:13.391] Mining too far in the future             wait=2s
INFO [11-08|21:22:15.393] Commit new mining work                   number=188 sealhash=ecc69a…5afc33 uncles=0 txs=0 gas=0 fees=0 elapsed=2.001s
INFO [11-08|21:22:18.918] Successfully sealed new block            number=188 sealhash=ecc69a…5afc33 hash=972eab…d140c0 elapsed=3.525s
INFO [11-08|21:22:18.918] 🔗 block reached canonical chain          number=181 hash=9d5387…68c46c
INFO [11-08|21:22:18.918] 🔨 mined potential block                  number=188 hash=972eab…d140c0
INFO [11-08|21:22:18.918] Commit new mining work                   number=189 sealhash=250aad…dfdd0e uncles=0 txs=0 gas=0 fees=0 elapsed=90.031µs
INFO [11-08|21:22:19.232] Successfully sealed new block            number=189 sealhash=250aad…dfdd0e hash=b4ea49…da7af3 elapsed=314.299ms
INFO [11-08|21:22:19.233] 🔗 block reached canonical chain          number=182 hash=4ce758…5eab43
INFO [11-08|21:22:19.233] 🔨 mined potential block                  number=189 hash=b4ea49…da7af3
INFO [11-08|21:22:19.233] Commit new mining work                   number=190 sealhash=d1287f…4a6f0f uncles=0 txs=0 gas=0 fees=0 elapsed=94.725µs
INFO [11-08|21:22:24.088] Successfully sealed new block            number=190 sealhash=d1287f…4a6f0f hash=cf0baf…582187 elapsed=4.855s
INFO [11-08|21:22:24.088] 🔗 block reached canonical chain          number=183 hash=c8fa3d…6c89a6
INFO [11-08|21:22:24.088] 🔨 mined potential block                  number=190 hash=cf0baf…582187
INFO [11-08|21:22:24.088] Commit new mining work                   number=191 sealhash=4ad9d3…b5d0f8 uncles=0 txs=0 gas=0 fees=0 elapsed=77.365µs
INFO [11-08|21:22:24.626] Successfully sealed new block            number=191 sealhash=4ad9d3…b5d0f8 hash=9d6195…8ce105 elapsed=538.400ms
INFO [11-08|21:22:24.626] 🔗 block reached canonical chain          number=184 hash=f23041…492b97
INFO [11-08|21:22:24.626] 🔨 mined potential block                  number=191 hash=9d6195…8ce105
INFO [11-08|21:22:24.627] Commit new mining work                   number=192 sealhash=be53c5…91a6b6 uncles=0 txs=0 gas=0 fees=0 elapsed=69.934µs
INFO [11-08|21:22:26.270] Successfully sealed new block            number=192 sealhash=be53c5…91a6b6 hash=b70f9d…f4295e elapsed=1.642s
INFO [11-08|21:22:26.270] 🔗 block reached canonical chain          number=185 hash=7e1e13…dba028
INFO [11-08|21:22:26.270] 🔨 mined potential block                  number=192 hash=b70f9d…f4295e
INFO [11-08|21:22:26.270] Commit new mining work                   number=193 sealhash=fbb945…1a5e35 uncles=0 txs=0 gas=0 fees=0 elapsed=76.684µs
INFO [11-08|21:22:37.404] Successfully sealed new block            number=193 sealhash=fbb945…1a5e35 hash=1b0659…f522b3 elapsed=11.134s
INFO [11-08|21:22:37.404] 🔗 block reached canonical chain          number=186 hash=8c9cb8…cd2bfe
INFO [11-08|21:22:37.404] 🔨 mined potential block                  number=193 hash=1b0659…f522b3
INFO [11-08|21:22:37.405] Commit new mining work                   number=194 sealhash=bf1925…42f294 uncles=0 txs=0 gas=0 fees=0 elapsed=80.816µs
INFO [11-08|21:22:38.473] Successfully sealed new block            number=194 sealhash=bf1925…42f294 hash=bb8f85…92ef54 elapsed=1.068s
INFO [11-08|21:22:38.474] 🔗 block reached canonical chain          number=187 hash=e7ab5f…af922a
INFO [11-08|21:22:38.474] 🔨 mined potential block                  number=194 hash=bb8f85…92ef54
INFO [11-08|21:22:38.474] Commit new mining work                   number=195 sealhash=cd07bc…f54244 uncles=0 txs=0 gas=0 fees=0 elapsed=76.709µs
INFO [11-08|21:22:38.815] Successfully sealed new block            number=195 sealhash=cd07bc…f54244 hash=3f379a…f31f5e elapsed=341.797ms
INFO [11-08|21:22:38.815] 🔗 block reached canonical chain          number=188 hash=972eab…d140c0
INFO [11-08|21:22:38.816] 🔨 mined potential block                  number=195 hash=3f379a…f31f5e
INFO [11-08|21:22:38.816] Commit new mining work                   number=196 sealhash=553d21…2eea8b uncles=0 txs=0 gas=0 fees=0 elapsed=94.673µs
INFO [11-08|21:22:43.272] Successfully sealed new block            number=196 sealhash=553d21…2eea8b hash=757963…98af5f elapsed=4.456s
INFO [11-08|21:22:43.272] 🔗 block reached canonical chain          number=189 hash=b4ea49…da7af3
INFO [11-08|21:22:43.272] 🔨 mined potential block                  number=196 hash=757963…98af5f
INFO [11-08|21:22:43.272] Commit new mining work                   number=197 sealhash=9bd442…bf354c uncles=0 txs=0 gas=0 fees=0 elapsed=109.09µs
INFO [11-08|21:22:45.049] Successfully sealed new block            number=197 sealhash=9bd442…bf354c hash=2865b9…91ffc9 elapsed=1.776s
INFO [11-08|21:22:45.049] 🔗 block reached canonical chain          number=190 hash=cf0baf…582187
INFO [11-08|21:22:45.049] 🔨 mined potential block                  number=197 hash=2865b9…91ffc9
INFO [11-08|21:22:45.049] Commit new mining work                   number=198 sealhash=0eff1a…76272c uncles=0 txs=0 gas=0 fees=0 elapsed=73.875µs
INFO [11-08|21:22:45.124] Successfully sealed new block            number=198 sealhash=0eff1a…76272c hash=08039d…a10128 elapsed=74.841ms
INFO [11-08|21:22:45.124] 🔗 block reached canonical chain          number=191 hash=9d6195…8ce105
INFO [11-08|21:22:45.124] 🔨 mined potential block                  number=198 hash=08039d…a10128
INFO [11-08|21:22:45.124] Commit new mining work                   number=199 sealhash=3facce…8bdbfa uncles=0 txs=0 gas=0 fees=0 elapsed=93.181µs
INFO [11-08|21:22:45.545] Successfully sealed new block            number=199 sealhash=3facce…8bdbfa hash=2aa597…445a73 elapsed=421.489ms
INFO [11-08|21:22:45.545] 🔗 block reached canonical chain          number=192 hash=b70f9d…f4295e
INFO [11-08|21:22:45.545] 🔨 mined potential block                  number=199 hash=2aa597…445a73
INFO [11-08|21:22:45.545] Mining too far in the future             wait=2s
INFO [11-08|21:22:47.546] Commit new mining work                   number=200 sealhash=ab3436…d9cf32 uncles=0 txs=0 gas=0 fees=0 elapsed=2.000s
INFO [11-08|21:23:00.494] Successfully sealed new block            number=200 sealhash=ab3436…d9cf32 hash=ea1802…877789 elapsed=12.947s
INFO [11-08|21:23:00.494] 🔗 block reached canonical chain          number=193 hash=1b0659…f522b3
INFO [11-08|21:23:00.494] 🔨 mined potential block                  number=200 hash=ea1802…877789
INFO [11-08|21:23:00.494] Commit new mining work                   number=201 sealhash=00d133…a4675a uncles=0 txs=0 gas=0 fees=0 elapsed=72.712µs
INFO [11-08|21:23:00.810] Successfully sealed new block            number=201 sealhash=00d133…a4675a hash=1d1a67…850bac elapsed=315.773ms
INFO [11-08|21:23:00.810] 🔗 block reached canonical chain          number=194 hash=bb8f85…92ef54
INFO [11-08|21:23:00.810] 🔨 mined potential block                  number=201 hash=1d1a67…850bac
INFO [11-08|21:23:00.810] Commit new mining work                   number=202 sealhash=5dcb53…53cd9d uncles=0 txs=0 gas=0 fees=0 elapsed=74.738µs
INFO [11-08|21:23:01.447] Successfully sealed new block            number=202 sealhash=5dcb53…53cd9d hash=fc7a8b…311544 elapsed=637.496ms
INFO [11-08|21:23:01.447] 🔗 block reached canonical chain          number=195 hash=3f379a…f31f5e
INFO [11-08|21:23:01.447] 🔨 mined potential block                  number=202 hash=fc7a8b…311544
INFO [11-08|21:23:01.447] Commit new mining work                   number=203 sealhash=5ed513…fb5176 uncles=0 txs=0 gas=0 fees=0 elapsed=78.254µs
INFO [11-08|21:23:09.523] Successfully sealed new block            number=203 sealhash=5ed513…fb5176 hash=329345…c5e1cf elapsed=8.075s
INFO [11-08|21:23:09.523] 🔗 block reached canonical chain          number=196 hash=757963…98af5f
INFO [11-08|21:23:09.523] 🔨 mined potential block                  number=203 hash=329345…c5e1cf
INFO [11-08|21:23:09.524] Commit new mining work                   number=204 sealhash=cf1bc3…2d7e85 uncles=0 txs=0 gas=0 fees=0 elapsed=68.651µs
INFO [11-08|21:23:10.819] Successfully sealed new block            number=204 sealhash=cf1bc3…2d7e85 hash=d1ede7…a06569 elapsed=1.295s
INFO [11-08|21:23:10.819] 🔗 block reached canonical chain          number=197 hash=2865b9…91ffc9
INFO [11-08|21:23:10.819] 🔨 mined potential block                  number=204 hash=d1ede7…a06569
INFO [11-08|21:23:10.820] Commit new mining work                   number=205 sealhash=e7a5d7…c7720e uncles=0 txs=0 gas=0 fees=0 elapsed=82.4µs
INFO [11-08|21:23:11.144] Successfully sealed new block            number=205 sealhash=e7a5d7…c7720e hash=b1b3b8…0d852a elapsed=324.057ms
INFO [11-08|21:23:11.144] 🔗 block reached canonical chain          number=198 hash=08039d…a10128
INFO [11-08|21:23:11.144] 🔨 mined potential block                  number=205 hash=b1b3b8…0d852a
INFO [11-08|21:23:11.144] Commit new mining work                   number=206 sealhash=b8fe82…d73c61 uncles=0 txs=0 gas=0 fees=0 elapsed=87.211µs
INFO [11-08|21:23:12.135] Successfully sealed new block            number=206 sealhash=b8fe82…d73c61 hash=1f60a6…11a3b6 elapsed=990.776ms
INFO [11-08|21:23:12.135] 🔗 block reached canonical chain          number=199 hash=2aa597…445a73
INFO [11-08|21:23:12.135] 🔨 mined potential block                  number=206 hash=1f60a6…11a3b6
INFO [11-08|21:23:12.135] Commit new mining work                   number=207 sealhash=26d5d0…109199 uncles=0 txs=0 gas=0 fees=0 elapsed=81.248µs
INFO [11-08|21:23:12.926] Successfully sealed new block            number=207 sealhash=26d5d0…109199 hash=dd5ed2…2605b2 elapsed=791.457ms
INFO [11-08|21:23:12.926] 🔗 block reached canonical chain          number=200 hash=ea1802…877789
INFO [11-08|21:23:12.926] 🔨 mined potential block                  number=207 hash=dd5ed2…2605b2
INFO [11-08|21:23:12.926] Commit new mining work                   number=208 sealhash=d790de…1f389d uncles=0 txs=0 gas=0 fees=0 elapsed=64.151µs
INFO [11-08|21:23:14.243] Successfully sealed new block            number=208 sealhash=d790de…1f389d hash=35ae75…01e8f2 elapsed=1.316s
INFO [11-08|21:23:14.243] 🔗 block reached canonical chain          number=201 hash=1d1a67…850bac
INFO [11-08|21:23:14.243] 🔨 mined potential block                  number=208 hash=35ae75…01e8f2
INFO [11-08|21:23:14.243] Commit new mining work                   number=209 sealhash=95c585…5d89ca uncles=0 txs=0 gas=0 fees=0 elapsed=82.052µs
INFO [11-08|21:23:14.595] Successfully sealed new block            number=209 sealhash=95c585…5d89ca hash=9bf3c4…8a2ca6 elapsed=352.339ms
INFO [11-08|21:23:14.595] 🔗 block reached canonical chain          number=202 hash=fc7a8b…311544
INFO [11-08|21:23:14.595] 🔨 mined potential block                  number=209 hash=9bf3c4…8a2ca6
INFO [11-08|21:23:14.595] Commit new mining work                   number=210 sealhash=56480f…2d63ff uncles=0 txs=0 gas=0 fees=0 elapsed=92.745µs
INFO [11-08|21:23:18.919] Successfully sealed new block            number=210 sealhash=56480f…2d63ff hash=105ea1…8de03b elapsed=4.324s
INFO [11-08|21:23:18.919] 🔗 block reached canonical chain          number=203 hash=329345…c5e1cf
INFO [11-08|21:23:18.920] 🔨 mined potential block                  number=210 hash=105ea1…8de03b
INFO [11-08|21:23:18.920] Commit new mining work                   number=211 sealhash=f54fd4…ee89fb uncles=0 txs=0 gas=0 fees=0 elapsed=133.375µs
INFO [11-08|21:23:19.045] Successfully sealed new block            number=211 sealhash=f54fd4…ee89fb hash=24cf9f…4eba34 elapsed=125.249ms
INFO [11-08|21:23:19.045] 🔗 block reached canonical chain          number=204 hash=d1ede7…a06569
INFO [11-08|21:23:19.045] 🔨 mined potential block                  number=211 hash=24cf9f…4eba34
INFO [11-08|21:23:19.045] Commit new mining work                   number=212 sealhash=9af281…0fdc54 uncles=0 txs=0 gas=0 fees=0 elapsed=83.648µs
INFO [11-08|21:23:22.235] Successfully sealed new block            number=212 sealhash=9af281…0fdc54 hash=1f9265…ade534 elapsed=3.189s
INFO [11-08|21:23:22.235] 🔗 block reached canonical chain          number=205 hash=b1b3b8…0d852a
INFO [11-08|21:23:22.235] 🔨 mined potential block                  number=212 hash=1f9265…ade534
INFO [11-08|21:23:22.235] Commit new mining work                   number=213 sealhash=3b862f…baeeaa uncles=0 txs=0 gas=0 fees=0 elapsed=85.492µs
INFO [11-08|21:23:25.645] Successfully sealed new block            number=213 sealhash=3b862f…baeeaa hash=7e58af…b4ce4f elapsed=3.409s
INFO [11-08|21:23:25.645] 🔗 block reached canonical chain          number=206 hash=1f60a6…11a3b6
INFO [11-08|21:23:25.645] 🔨 mined potential block                  number=213 hash=7e58af…b4ce4f
INFO [11-08|21:23:25.645] Commit new mining work                   number=214 sealhash=8ad3ae…758e5b uncles=0 txs=0 gas=0 fees=0 elapsed=89.604µs
INFO [11-08|21:23:28.402] Successfully sealed new block            number=214 sealhash=8ad3ae…758e5b hash=220c69…3576ff elapsed=2.756s
INFO [11-08|21:23:28.402] 🔗 block reached canonical chain          number=207 hash=dd5ed2…2605b2
INFO [11-08|21:23:28.402] 🔨 mined potential block                  number=214 hash=220c69…3576ff
INFO [11-08|21:23:28.402] Commit new mining work                   number=215 sealhash=720a37…5991d0 uncles=0 txs=0 gas=0 fees=0 elapsed=81.881µs
INFO [11-08|21:23:31.065] Successfully sealed new block            number=215 sealhash=720a37…5991d0 hash=c84233…4c94d4 elapsed=2.663s
INFO [11-08|21:23:31.065] 🔗 block reached canonical chain          number=208 hash=35ae75…01e8f2
INFO [11-08|21:23:31.065] 🔨 mined potential block                  number=215 hash=c84233…4c94d4
INFO [11-08|21:23:31.066] Commit new mining work                   number=216 sealhash=482a18…40e092 uncles=0 txs=0 gas=0 fees=0 elapsed=74.473µs
INFO [11-08|21:23:32.008] Successfully sealed new block            number=216 sealhash=482a18…40e092 hash=c7e840…e028af elapsed=942.633ms
INFO [11-08|21:23:32.008] 🔗 block reached canonical chain          number=209 hash=9bf3c4…8a2ca6
INFO [11-08|21:23:32.008] 🔨 mined potential block                  number=216 hash=c7e840…e028af
INFO [11-08|21:23:32.008] Commit new mining work                   number=217 sealhash=8a60b2…336608 uncles=0 txs=0 gas=0 fees=0 elapsed=86.295µs
INFO [11-08|21:23:36.838] Successfully sealed new block            number=217 sealhash=8a60b2…336608 hash=355da1…d5b122 elapsed=4.830s
INFO [11-08|21:23:36.839] 🔗 block reached canonical chain          number=210 hash=105ea1…8de03b
INFO [11-08|21:23:36.839] 🔨 mined potential block                  number=217 hash=355da1…d5b122
INFO [11-08|21:23:36.839] Commit new mining work                   number=218 sealhash=aa8c57…ba48c0 uncles=0 txs=0 gas=0 fees=0 elapsed=95.41µs
INFO [11-08|21:23:36.887] Successfully sealed new block            number=218 sealhash=aa8c57…ba48c0 hash=a0197c…cfdf71 elapsed=48.806ms
INFO [11-08|21:23:36.888] 🔗 block reached canonical chain          number=211 hash=24cf9f…4eba34
INFO [11-08|21:23:36.888] 🔨 mined potential block                  number=218 hash=a0197c…cfdf71
INFO [11-08|21:23:36.888] Commit new mining work                   number=219 sealhash=d1a65f…bf484d uncles=0 txs=0 gas=0 fees=0 elapsed=78.99µs
INFO [11-08|21:23:37.296] Successfully sealed new block            number=219 sealhash=d1a65f…bf484d hash=af6621…8fe7dd elapsed=408.434ms
INFO [11-08|21:23:37.296] 🔗 block reached canonical chain          number=212 hash=1f9265…ade534
INFO [11-08|21:23:37.296] 🔨 mined potential block                  number=219 hash=af6621…8fe7dd
INFO [11-08|21:23:37.296] Commit new mining work                   number=220 sealhash=b74ac8…189669 uncles=0 txs=0 gas=0 fees=0 elapsed=68.15µs
INFO [11-08|21:23:37.810] Successfully sealed new block            number=220 sealhash=b74ac8…189669 hash=478468…3021dd elapsed=513.448ms
INFO [11-08|21:23:37.810] 🔗 block reached canonical chain          number=213 hash=7e58af…b4ce4f
INFO [11-08|21:23:37.810] 🔨 mined potential block                  number=220 hash=478468…3021dd
INFO [11-08|21:23:37.810] Mining too far in the future             wait=2s
INFO [11-08|21:23:39.810] Commit new mining work                   number=221 sealhash=7a1624…46655a uncles=0 txs=0 gas=0 fees=0 elapsed=2.000s
INFO [11-08|21:23:41.570] Successfully sealed new block            number=221 sealhash=7a1624…46655a hash=9f8289…e67076 elapsed=1.760s
INFO [11-08|21:23:41.570] 🔗 block reached canonical chain          number=214 hash=220c69…3576ff
INFO [11-08|21:23:41.570] 🔨 mined potential block                  number=221 hash=9f8289…e67076
INFO [11-08|21:23:41.570] Commit new mining work                   number=222 sealhash=5523dd…24e436 uncles=0 txs=0 gas=0 fees=0 elapsed=74.351µs
INFO [11-08|21:23:43.835] Successfully sealed new block            number=222 sealhash=5523dd…24e436 hash=8973e7…4da3b7 elapsed=2.264s
INFO [11-08|21:23:43.835] 🔗 block reached canonical chain          number=215 hash=c84233…4c94d4
INFO [11-08|21:23:43.835] 🔨 mined potential block                  number=222 hash=8973e7…4da3b7
INFO [11-08|21:23:43.835] Commit new mining work                   number=223 sealhash=dffac6…b1111a uncles=0 txs=0 gas=0 fees=0 elapsed=81.829µs
INFO [11-08|21:23:46.760] Successfully sealed new block            number=223 sealhash=dffac6…b1111a hash=cb71df…23bad0 elapsed=2.925s
INFO [11-08|21:23:46.761] 🔗 block reached canonical chain          number=216 hash=c7e840…e028af
INFO [11-08|21:23:46.761] 🔨 mined potential block                  number=223 hash=cb71df…23bad0
INFO [11-08|21:23:46.761] Commit new mining work                   number=224 sealhash=ddc54d…caa96d uncles=0 txs=0 gas=0 fees=0 elapsed=120.865µs
INFO [11-08|21:23:47.581] Successfully sealed new block            number=224 sealhash=ddc54d…caa96d hash=49effc…a18ba6 elapsed=820.179ms
INFO [11-08|21:23:47.581] 🔗 block reached canonical chain          number=217 hash=355da1…d5b122
INFO [11-08|21:23:47.581] 🔨 mined potential block                  number=224 hash=49effc…a18ba6
INFO [11-08|21:23:47.581] Commit new mining work                   number=225 sealhash=dc3a16…f07768 uncles=0 txs=0 gas=0 fees=0 elapsed=62.817µs
INFO [11-08|21:23:47.761] Successfully sealed new block            number=225 sealhash=dc3a16…f07768 hash=884f5a…c04ec9 elapsed=180.331ms
INFO [11-08|21:23:47.761] 🔗 block reached canonical chain          number=218 hash=a0197c…cfdf71
INFO [11-08|21:23:47.761] 🔨 mined potential block                  number=225 hash=884f5a…c04ec9
INFO [11-08|21:23:47.762] Commit new mining work                   number=226 sealhash=868173…0bc870 uncles=0 txs=0 gas=0 fees=0 elapsed=73.212µs
INFO [11-08|21:23:48.420] Successfully sealed new block            number=226 sealhash=868173…0bc870 hash=b2cb78…22b999 elapsed=658.942ms
INFO [11-08|21:23:48.421] 🔗 block reached canonical chain          number=219 hash=af6621…8fe7dd
INFO [11-08|21:23:48.421] 🔨 mined potential block                  number=226 hash=b2cb78…22b999
INFO [11-08|21:23:48.421] Commit new mining work                   number=227 sealhash=9ca82b…110872 uncles=0 txs=0 gas=0 fees=0 elapsed=118.81µs
INFO [11-08|21:23:50.207] Successfully sealed new block            number=227 sealhash=9ca82b…110872 hash=ec2a92…426409 elapsed=1.786s
INFO [11-08|21:23:50.207] 🔗 block reached canonical chain          number=220 hash=478468…3021dd
INFO [11-08|21:23:50.207] 🔨 mined potential block                  number=227 hash=ec2a92…426409
INFO [11-08|21:23:50.208] Commit new mining work                   number=228 sealhash=3364f0…9decbc uncles=0 txs=0 gas=0 fees=0 elapsed=90.885µs
INFO [11-08|21:23:53.966] Successfully sealed new block            number=228 sealhash=3364f0…9decbc hash=8766ed…dfd710 elapsed=3.758s
INFO [11-08|21:23:53.967] 🔗 block reached canonical chain          number=221 hash=9f8289…e67076
INFO [11-08|21:23:53.967] 🔨 mined potential block                  number=228 hash=8766ed…dfd710
INFO [11-08|21:23:53.967] Commit new mining work                   number=229 sealhash=2ed50d…b53496 uncles=0 txs=0 gas=0 fees=0 elapsed=123.243µs
INFO [11-08|21:23:57.870] Successfully sealed new block            number=229 sealhash=2ed50d…b53496 hash=6e43d6…dbddd7 elapsed=3.902s
INFO [11-08|21:23:57.870] 🔗 block reached canonical chain          number=222 hash=8973e7…4da3b7
INFO [11-08|21:23:57.870] 🔨 mined potential block                  number=229 hash=6e43d6…dbddd7
INFO [11-08|21:23:57.870] Commit new mining work                   number=230 sealhash=d0307f…0f068a uncles=0 txs=0 gas=0 fees=0 elapsed=94.429µs
INFO [11-08|21:23:58.805] Successfully sealed new block            number=230 sealhash=d0307f…0f068a hash=99c631…177a19 elapsed=935.111ms
INFO [11-08|21:23:58.805] 🔗 block reached canonical chain          number=223 hash=cb71df…23bad0
INFO [11-08|21:23:58.805] 🔨 mined potential block                  number=230 hash=99c631…177a19
INFO [11-08|21:23:58.805] Commit new mining work                   number=231 sealhash=044623…4fb034 uncles=0 txs=0 gas=0 fees=0 elapsed=75.519µs
INFO [11-08|21:24:06.670] Successfully sealed new block            number=231 sealhash=044623…4fb034 hash=dee452…1a63de elapsed=7.864s
INFO [11-08|21:24:06.670] 🔗 block reached canonical chain          number=224 hash=49effc…a18ba6
INFO [11-08|21:24:06.670] 🔨 mined potential block                  number=231 hash=dee452…1a63de
INFO [11-08|21:24:06.670] Commit new mining work                   number=232 sealhash=98a58c…dddcc0 uncles=0 txs=0 gas=0 fees=0 elapsed=92.713µs
INFO [11-08|21:24:07.751] Successfully sealed new block            number=232 sealhash=98a58c…dddcc0 hash=28f0ba…45ddb3 elapsed=1.080s
INFO [11-08|21:24:07.751] 🔗 block reached canonical chain          number=225 hash=884f5a…c04ec9
INFO [11-08|21:24:07.751] 🔨 mined potential block                  number=232 hash=28f0ba…45ddb3
INFO [11-08|21:24:07.751] Commit new mining work                   number=233 sealhash=fe3829…54cd22 uncles=0 txs=0 gas=0 fees=0 elapsed=120.532µs
INFO [11-08|21:24:12.743] Successfully sealed new block            number=233 sealhash=fe3829…54cd22 hash=e1ea40…ab4f32 elapsed=4.992s
INFO [11-08|21:24:12.743] 🔗 block reached canonical chain          number=226 hash=b2cb78…22b999
INFO [11-08|21:24:12.743] 🔨 mined potential block                  number=233 hash=e1ea40…ab4f32
INFO [11-08|21:24:12.744] Commit new mining work                   number=234 sealhash=882701…1abc0c uncles=0 txs=0 gas=0 fees=0 elapsed=80.409µs
INFO [11-08|21:24:14.386] Successfully sealed new block            number=234 sealhash=882701…1abc0c hash=3820d1…6b0aa8 elapsed=1.642s
INFO [11-08|21:24:14.386] 🔗 block reached canonical chain          number=227 hash=ec2a92…426409
INFO [11-08|21:24:14.386] 🔨 mined potential block                  number=234 hash=3820d1…6b0aa8
INFO [11-08|21:24:14.387] Commit new mining work                   number=235 sealhash=2ca111…5adbd9 uncles=0 txs=0 gas=0 fees=0 elapsed=111.93µs
INFO [11-08|21:24:16.930] Successfully sealed new block            number=235 sealhash=2ca111…5adbd9 hash=694740…68b712 elapsed=2.543s
INFO [11-08|21:24:16.930] 🔗 block reached canonical chain          number=228 hash=8766ed…dfd710
INFO [11-08|21:24:16.930] 🔨 mined potential block                  number=235 hash=694740…68b712
INFO [11-08|21:24:16.930] Commit new mining work                   number=236 sealhash=cf8592…006c70 uncles=0 txs=0 gas=0 fees=0 elapsed=79.124µs
INFO [11-08|21:24:21.844] Successfully sealed new block            number=236 sealhash=cf8592…006c70 hash=9d9f39…676edc elapsed=4.913s
INFO [11-08|21:24:21.844] 🔗 block reached canonical chain          number=229 hash=6e43d6…dbddd7
INFO [11-08|21:24:21.844] 🔨 mined potential block                  number=236 hash=9d9f39…676edc
INFO [11-08|21:24:21.844] Commit new mining work                   number=237 sealhash=1df5ee…88d410 uncles=0 txs=0 gas=0 fees=0 elapsed=136.227µs
INFO [11-08|21:24:23.769] Successfully sealed new block            number=237 sealhash=1df5ee…88d410 hash=3713e0…a4b4f5 elapsed=1.925s
INFO [11-08|21:24:23.769] 🔗 block reached canonical chain          number=230 hash=99c631…177a19
INFO [11-08|21:24:23.769] 🔨 mined potential block                  number=237 hash=3713e0…a4b4f5
INFO [11-08|21:24:23.769] Commit new mining work                   number=238 sealhash=a24a44…d50ece uncles=0 txs=0 gas=0 fees=0 elapsed=92.565µs
INFO [11-08|21:24:24.350] Successfully sealed new block            number=238 sealhash=a24a44…d50ece hash=da538a…bdac6e elapsed=581.006ms
INFO [11-08|21:24:24.350] 🔗 block reached canonical chain          number=231 hash=dee452…1a63de
INFO [11-08|21:24:24.350] 🔨 mined potential block                  number=238 hash=da538a…bdac6e
INFO [11-08|21:24:24.351] Commit new mining work                   number=239 sealhash=28d65f…82439c uncles=0 txs=0 gas=0 fees=0 elapsed=112.319µs
INFO [11-08|21:24:25.216] Successfully sealed new block            number=239 sealhash=28d65f…82439c hash=7dd0a2…567c9f elapsed=865.431ms
INFO [11-08|21:24:25.216] 🔗 block reached canonical chain          number=232 hash=28f0ba…45ddb3
INFO [11-08|21:24:25.216] 🔨 mined potential block                  number=239 hash=7dd0a2…567c9f
INFO [11-08|21:24:25.216] Commit new mining work                   number=240 sealhash=9097f3…e2c776 uncles=0 txs=0 gas=0 fees=0 elapsed=66.926µs
INFO [11-08|21:24:30.682] Successfully sealed new block            number=240 sealhash=9097f3…e2c776 hash=9b90f4…03352a elapsed=5.466s
INFO [11-08|21:24:30.682] 🔗 block reached canonical chain          number=233 hash=e1ea40…ab4f32
INFO [11-08|21:24:30.682] 🔨 mined potential block                  number=240 hash=9b90f4…03352a
INFO [11-08|21:24:30.683] Commit new mining work                   number=241 sealhash=6f2106…475b5c uncles=0 txs=0 gas=0 fees=0 elapsed=90.352µs
INFO [11-08|21:24:33.999] HTTP endpoint closed                     url=http://127.0.0.1:10001
INFO [11-08|21:24:33.999] IPC endpoint closed                      url=/home/tianwen/Data/eth_1_1/geth.ipc
INFO [11-08|21:24:33.999] Writing cached state to disk             block=240 hash=9b90f4…03352a root=8927cb…326d1d
INFO [11-08|21:24:33.999] Persisted trie from memory database      nodes=1 size=149.00B time=40.453µs gcnodes=42 gcsize=6.26kB gctime=60.142µs livenodes=128 livesize=18.92kB
INFO [11-08|21:24:33.999] Writing cached state to disk             block=239 hash=7dd0a2…567c9f root=5309a4…c99b5c
INFO [11-08|21:24:33.999] Persisted trie from memory database      nodes=1 size=149.00B time=9.952µs  gcnodes=0  gcsize=0.00B  gctime=0s       livenodes=127 livesize=18.77kB
INFO [11-08|21:24:33.999] Writing cached state to disk             block=113 hash=f0b9ef…53ca34 root=9a5739…b9b291
INFO [11-08|21:24:33.999] Persisted trie from memory database      nodes=1 size=149.00B time=8.651µs  gcnodes=0  gcsize=0.00B  gctime=0s       livenodes=126 livesize=18.62kB
INFO [11-08|21:24:34.000] Blockchain manager stopped 
INFO [11-08|21:24:34.000] Stopping Ethereum protocol 
INFO [11-08|21:24:34.000] Ethereum protocol stopped 
INFO [11-08|21:24:34.000] Transaction pool stopped 
INFO [11-08|21:24:34.000] Database closed                          database=/home/tianwen/Data/eth_1_1/geth/chaindata
