INFO [11-08|21:09:51.237] Maximum peer count                       ETH=25 LES=0 total=25
INFO [11-08|21:09:51.238] Starting peer-to-peer node               instance=Geth/v1.8.23-stable/linux-amd64/go1.17.2
WARN [11-08|21:09:51.238] Sanitizing invalid miner gas price       provided=0 updated=0
INFO [11-08|21:09:51.238] Allocated cache and file handles         database=/home/tianwen/Data/eth_1_1/geth/chaindata cache=2048 handles=524288
INFO [11-08|21:09:51.254] Initialised chain configuration          config="{ChainID: 10001 Homestead: 0 DAO: <nil> DAOSupport: false EIP150: <nil> EIP155: 0 EIP158: 0 Byzantium: <nil> Constantinople: <nil>  ConstantinopleFix: <nil> Engine: unknown}"
INFO [11-08|21:09:51.254] Disk storage enabled for ethash caches   dir=/home/tianwen/Data/eth_1_1/geth/ethash count=3
INFO [11-08|21:09:51.254] Disk storage enabled for ethash DAGs     dir=/home/tianwen/.ethash                  count=2
INFO [11-08|21:09:51.254] Initialising Ethereum protocol           versions="[63 62]" network=1001
INFO [11-08|21:09:51.337] Loaded most recent local header          number=0 hash=6650a0…b5c158 td=1024 age=52y7mo1w
INFO [11-08|21:09:51.337] Loaded most recent local full block      number=0 hash=6650a0…b5c158 td=1024 age=52y7mo1w
INFO [11-08|21:09:51.337] Loaded most recent local fast block      number=0 hash=6650a0…b5c158 td=1024 age=52y7mo1w
INFO [11-08|21:09:51.337] Regenerated local transaction journal    transactions=0 accounts=0
Fatal: Error starting protocol stack: listen tcp :30303: bind: address already in use
INFO [11-08|21:12:53.727] Maximum peer count                       ETH=25 LES=0 total=25
INFO [11-08|21:12:53.728] Starting peer-to-peer node               instance=Geth/v1.8.23-stable/linux-amd64/go1.17.2
WARN [11-08|21:12:53.728] Sanitizing invalid miner gas price       provided=0 updated=0
INFO [11-08|21:12:53.728] Allocated cache and file handles         database=/home/tianwen/Data/eth_1_1/geth/chaindata cache=2048 handles=524288
INFO [11-08|21:12:53.743] Initialised chain configuration          config="{ChainID: 10001 Homestead: 0 DAO: <nil> DAOSupport: false EIP150: <nil> EIP155: 0 EIP158: 0 Byzantium: <nil> Constantinople: <nil>  ConstantinopleFix: <nil> Engine: unknown}"
INFO [11-08|21:12:53.743] Disk storage enabled for ethash caches   dir=/home/tianwen/Data/eth_1_1/geth/ethash count=3
INFO [11-08|21:12:53.743] Disk storage enabled for ethash DAGs     dir=/home/tianwen/.ethash                  count=2
INFO [11-08|21:12:53.743] Initialising Ethereum protocol           versions="[63 62]" network=1001
INFO [11-08|21:12:53.825] Loaded most recent local header          number=0 hash=6650a0…b5c158 td=1024 age=52y7mo1w
INFO [11-08|21:12:53.825] Loaded most recent local full block      number=0 hash=6650a0…b5c158 td=1024 age=52y7mo1w
INFO [11-08|21:12:53.825] Loaded most recent local fast block      number=0 hash=6650a0…b5c158 td=1024 age=52y7mo1w
INFO [11-08|21:12:53.825] Loaded local transaction journal         transactions=0 dropped=0
INFO [11-08|21:12:53.825] Regenerated local transaction journal    transactions=0 accounts=0
INFO [11-08|21:12:53.834] New local node record                    seq=1 id=afef0f5e0c05ba29 ip=127.0.0.1 udp=0 tcp=30304
INFO [11-08|21:12:53.834] Started P2P networking                   self="enode://7bd5c3a83b6894aebd2e7b7c9596e6f37746a3947f8231e610052a89427e74d2a897e1daa8c765d94c1ef1ec94c5f6b7d4d6ef5bb3bd96aaeeea32471379cbae@127.0.0.1:30304?discport=0"
INFO [11-08|21:12:53.834] IPC endpoint opened                      url=/home/tianwen/Data/eth_1_1/geth.ipc
INFO [11-08|21:12:53.834] HTTP endpoint opened                     url=http://127.0.0.1:10001              cors= vhosts=localhost
WARN [11-08|21:12:53.834] ------------------------------------------------------------------- 
WARN [11-08|21:12:53.834] Referring to accounts by order in the keystore folder is dangerous! 
WARN [11-08|21:12:53.834] This functionality is deprecated and will be removed in the future! 
WARN [11-08|21:12:53.834] Please use explicit addresses! (can search via `geth account list`) 
WARN [11-08|21:12:53.834] ------------------------------------------------------------------- 
INFO [11-08|21:12:55.863] Unlocked account                         address=0x01594DbB20C483De0B0a3ed38389Fd8A45c70D84
INFO [11-08|21:12:55.863] Transaction pool price threshold updated price=0
INFO [11-08|21:12:55.863] Updated mining threads                   threads=1
INFO [11-08|21:12:55.863] Transaction pool price threshold updated price=0
INFO [11-08|21:12:55.863] Etherbase automatically configured       address=0x01594DbB20C483De0B0a3ed38389Fd8A45c70D84
INFO [11-08|21:12:55.863] Commit new mining work                   number=1 sealhash=104119…982247 uncles=0 txs=0 gas=0 fees=0 elapsed=80.048µs
INFO [11-08|21:12:56.014] Successfully sealed new block            number=1 sealhash=104119…982247 hash=169c30…61dd13 elapsed=150.969ms
INFO [11-08|21:12:56.014] 🔨 mined potential block                  number=1 hash=169c30…61dd13
INFO [11-08|21:12:56.014] Commit new mining work                   number=2 sealhash=04e982…80f7e2 uncles=0 txs=0 gas=0 fees=0 elapsed=77.383µs
INFO [11-08|21:12:56.430] Successfully sealed new block            number=2 sealhash=04e982…80f7e2 hash=ef3196…1e532c elapsed=416.166ms
INFO [11-08|21:12:56.430] 🔨 mined potential block                  number=2 hash=ef3196…1e532c
INFO [11-08|21:12:56.430] Commit new mining work                   number=3 sealhash=49c589…3ed72f uncles=0 txs=0 gas=0 fees=0 elapsed=69.349µs
INFO [11-08|21:12:58.931] Successfully sealed new block            number=3 sealhash=49c589…3ed72f hash=57d615…cf09a5 elapsed=2.500s
INFO [11-08|21:12:58.931] 🔨 mined potential block                  number=3 hash=57d615…cf09a5
INFO [11-08|21:12:58.931] Commit new mining work                   number=4 sealhash=6c1d02…5119ee uncles=0 txs=0 gas=0 fees=0 elapsed=136.852µs
INFO [11-08|21:13:02.230] Successfully sealed new block            number=4 sealhash=6c1d02…5119ee hash=4f3071…65730b elapsed=3.299s
INFO [11-08|21:13:02.231] 🔨 mined potential block                  number=4 hash=4f3071…65730b
INFO [11-08|21:13:02.231] Commit new mining work                   number=5 sealhash=b40685…c315c5 uncles=0 txs=0 gas=0 fees=0 elapsed=104.57µs
INFO [11-08|21:13:03.035] Successfully sealed new block            number=5 sealhash=b40685…c315c5 hash=516fdc…c39f87 elapsed=804.560ms
INFO [11-08|21:13:03.035] 🔨 mined potential block                  number=5 hash=516fdc…c39f87
INFO [11-08|21:13:03.035] Commit new mining work                   number=6 sealhash=65a356…d9a2e0 uncles=0 txs=0 gas=0 fees=0 elapsed=74.795µs
INFO [11-08|21:13:06.216] Successfully sealed new block            number=6 sealhash=65a356…d9a2e0 hash=d72206…a612c1 elapsed=3.180s
INFO [11-08|21:13:06.216] 🔨 mined potential block                  number=6 hash=d72206…a612c1
INFO [11-08|21:13:06.216] Commit new mining work                   number=7 sealhash=152080…66ac6a uncles=0 txs=0 gas=0 fees=0 elapsed=84.493µs
INFO [11-08|21:13:10.875] Successfully sealed new block            number=7 sealhash=152080…66ac6a hash=5db381…fc5836 elapsed=4.658s
INFO [11-08|21:13:10.875] 🔨 mined potential block                  number=7 hash=5db381…fc5836
INFO [11-08|21:13:10.876] Commit new mining work                   number=8 sealhash=3aecd2…ba2ceb uncles=0 txs=0 gas=0 fees=0 elapsed=100.708µs
INFO [11-08|21:13:13.196] Successfully sealed new block            number=8 sealhash=3aecd2…ba2ceb hash=0fd103…49dea7 elapsed=2.320s
INFO [11-08|21:13:13.196] 🔗 block reached canonical chain          number=1 hash=169c30…61dd13
INFO [11-08|21:13:13.196] 🔨 mined potential block                  number=8 hash=0fd103…49dea7
INFO [11-08|21:13:13.196] Commit new mining work                   number=9 sealhash=7c9a5e…9e8256 uncles=0 txs=0 gas=0 fees=0 elapsed=87.084µs
INFO [11-08|21:13:14.103] Successfully sealed new block            number=9 sealhash=7c9a5e…9e8256 hash=d52a2a…8503ef elapsed=907.032ms
INFO [11-08|21:13:14.104] 🔗 block reached canonical chain          number=2 hash=ef3196…1e532c
INFO [11-08|21:13:14.104] 🔨 mined potential block                  number=9 hash=d52a2a…8503ef
INFO [11-08|21:13:14.104] Commit new mining work                   number=10 sealhash=194cfc…8e3ca4 uncles=0 txs=0 gas=0 fees=0 elapsed=61.686µs
INFO [11-08|21:13:14.120] Successfully sealed new block            number=10 sealhash=194cfc…8e3ca4 hash=e35b5f…bd5495 elapsed=16.686ms
INFO [11-08|21:13:14.120] 🔗 block reached canonical chain          number=3  hash=57d615…cf09a5
INFO [11-08|21:13:14.120] 🔨 mined potential block                  number=10 hash=e35b5f…bd5495
INFO [11-08|21:13:14.121] Commit new mining work                   number=11 sealhash=004c86…3fb1df uncles=0 txs=0 gas=0 fees=0 elapsed=85.402µs
INFO [11-08|21:13:16.470] Successfully sealed new block            number=11 sealhash=004c86…3fb1df hash=a31144…b85377 elapsed=2.349s
INFO [11-08|21:13:16.470] 🔗 block reached canonical chain          number=4  hash=4f3071…65730b
INFO [11-08|21:13:16.470] 🔨 mined potential block                  number=11 hash=a31144…b85377
INFO [11-08|21:13:16.470] Commit new mining work                   number=12 sealhash=81efc5…ee6175 uncles=0 txs=0 gas=0 fees=0 elapsed=105.537µs
INFO [11-08|21:13:23.844] Successfully sealed new block            number=12 sealhash=81efc5…ee6175 hash=df5608…d22011 elapsed=7.373s
INFO [11-08|21:13:23.844] 🔗 block reached canonical chain          number=5  hash=516fdc…c39f87
INFO [11-08|21:13:23.845] 🔨 mined potential block                  number=12 hash=df5608…d22011
INFO [11-08|21:13:23.845] Commit new mining work                   number=13 sealhash=068c8c…2287eb uncles=0 txs=0 gas=0 fees=0 elapsed=76.939µs
INFO [11-08|21:13:25.793] Successfully sealed new block            number=13 sealhash=068c8c…2287eb hash=e00015…eca5b5 elapsed=1.948s
INFO [11-08|21:13:25.794] 🔗 block reached canonical chain          number=6  hash=d72206…a612c1
INFO [11-08|21:13:25.794] 🔨 mined potential block                  number=13 hash=e00015…eca5b5
INFO [11-08|21:13:25.794] Commit new mining work                   number=14 sealhash=5de498…e9ca5c uncles=0 txs=0 gas=0 fees=0 elapsed=74.788µs
INFO [11-08|21:13:28.948] Successfully sealed new block            number=14 sealhash=5de498…e9ca5c hash=6b5ece…0495d3 elapsed=3.154s
INFO [11-08|21:13:28.948] 🔗 block reached canonical chain          number=7  hash=5db381…fc5836
INFO [11-08|21:13:28.948] 🔨 mined potential block                  number=14 hash=6b5ece…0495d3
INFO [11-08|21:13:28.948] Commit new mining work                   number=15 sealhash=a25d88…9e9579 uncles=0 txs=0 gas=0 fees=0 elapsed=78.043µs
INFO [11-08|21:13:39.096] Successfully sealed new block            number=15 sealhash=a25d88…9e9579 hash=67fa77…535ce6 elapsed=10.147s
INFO [11-08|21:13:39.096] 🔗 block reached canonical chain          number=8  hash=0fd103…49dea7
INFO [11-08|21:13:39.096] 🔨 mined potential block                  number=15 hash=67fa77…535ce6
INFO [11-08|21:13:39.096] Commit new mining work                   number=16 sealhash=5d0648…dec14c uncles=0 txs=0 gas=0 fees=0 elapsed=88.634µs
INFO [11-08|21:13:40.581] Successfully sealed new block            number=16 sealhash=5d0648…dec14c hash=1e6494…4e6611 elapsed=1.485s
INFO [11-08|21:13:40.581] 🔗 block reached canonical chain          number=9  hash=d52a2a…8503ef
INFO [11-08|21:13:40.581] 🔨 mined potential block                  number=16 hash=1e6494…4e6611
INFO [11-08|21:13:40.582] Commit new mining work                   number=17 sealhash=8c83ab…d19ad6 uncles=0 txs=0 gas=0 fees=0 elapsed=146.175µs
INFO [11-08|21:13:42.054] Successfully sealed new block            number=17 sealhash=8c83ab…d19ad6 hash=70b6ac…c46f37 elapsed=1.472s
INFO [11-08|21:13:42.054] 🔗 block reached canonical chain          number=10 hash=e35b5f…bd5495
INFO [11-08|21:13:42.054] 🔨 mined potential block                  number=17 hash=70b6ac…c46f37
INFO [11-08|21:13:42.054] Commit new mining work                   number=18 sealhash=73f294…aaa5e8 uncles=0 txs=0 gas=0 fees=0 elapsed=137.061µs
INFO [11-08|21:13:42.975] Successfully sealed new block            number=18 sealhash=73f294…aaa5e8 hash=6d81cd…acff5d elapsed=921.288ms
INFO [11-08|21:13:42.976] 🔗 block reached canonical chain          number=11 hash=a31144…b85377
INFO [11-08|21:13:42.976] 🔨 mined potential block                  number=18 hash=6d81cd…acff5d
INFO [11-08|21:13:42.976] Commit new mining work                   number=19 sealhash=45f292…1ffd86 uncles=0 txs=0 gas=0 fees=0 elapsed=77.042µs
INFO [11-08|21:13:45.600] Successfully sealed new block            number=19 sealhash=45f292…1ffd86 hash=6257ae…b291f8 elapsed=2.624s
INFO [11-08|21:13:45.600] 🔗 block reached canonical chain          number=12 hash=df5608…d22011
INFO [11-08|21:13:45.600] 🔨 mined potential block                  number=19 hash=6257ae…b291f8
INFO [11-08|21:13:45.600] Commit new mining work                   number=20 sealhash=1d9699…50ffae uncles=0 txs=0 gas=0 fees=0 elapsed=92.633µs
INFO [11-08|21:13:47.090] Successfully sealed new block            number=20 sealhash=1d9699…50ffae hash=a7192f…3ac3b0 elapsed=1.489s
INFO [11-08|21:13:47.100] 🔗 block reached canonical chain          number=13 hash=e00015…eca5b5
INFO [11-08|21:13:47.100] 🔨 mined potential block                  number=20 hash=a7192f…3ac3b0
INFO [11-08|21:13:47.100] Commit new mining work                   number=21 sealhash=8de68c…435b84 uncles=0 txs=0 gas=0 fees=0 elapsed=156.954µs
INFO [11-08|21:13:51.081] Successfully sealed new block            number=21 sealhash=8de68c…435b84 hash=676d58…bf7bb3 elapsed=3.980s
INFO [11-08|21:13:51.081] 🔗 block reached canonical chain          number=14 hash=6b5ece…0495d3
INFO [11-08|21:13:51.081] 🔨 mined potential block                  number=21 hash=676d58…bf7bb3
INFO [11-08|21:13:51.081] Commit new mining work                   number=22 sealhash=758588…e4845c uncles=0 txs=0 gas=0 fees=0 elapsed=79.273µs
INFO [11-08|21:13:51.981] Successfully sealed new block            number=22 sealhash=758588…e4845c hash=371c30…c3684b elapsed=900.586ms
INFO [11-08|21:13:51.981] 🔗 block reached canonical chain          number=15 hash=67fa77…535ce6
INFO [11-08|21:13:51.981] 🔨 mined potential block                  number=22 hash=371c30…c3684b
INFO [11-08|21:13:51.982] Commit new mining work                   number=23 sealhash=b29bd8…cb0059 uncles=0 txs=0 gas=0 fees=0 elapsed=103.036µs
INFO [11-08|21:13:52.471] Successfully sealed new block            number=23 sealhash=b29bd8…cb0059 hash=35b68c…26340a elapsed=489.784ms
INFO [11-08|21:13:52.471] 🔗 block reached canonical chain          number=16 hash=1e6494…4e6611
INFO [11-08|21:13:52.471] 🔨 mined potential block                  number=23 hash=35b68c…26340a
INFO [11-08|21:13:52.472] Commit new mining work                   number=24 sealhash=481588…df5609 uncles=0 txs=0 gas=0 fees=0 elapsed=106.846µs
INFO [11-08|21:13:53.459] Successfully sealed new block            number=24 sealhash=481588…df5609 hash=336b6b…5b34cd elapsed=987.321ms
INFO [11-08|21:13:53.459] 🔗 block reached canonical chain          number=17 hash=70b6ac…c46f37
INFO [11-08|21:13:53.459] 🔨 mined potential block                  number=24 hash=336b6b…5b34cd
INFO [11-08|21:13:53.459] Commit new mining work                   number=25 sealhash=55a5d9…679e72 uncles=0 txs=0 gas=0 fees=0 elapsed=120.094µs
INFO [11-08|21:13:55.165] Successfully sealed new block            number=25 sealhash=55a5d9…679e72 hash=ca2d83…fed8ed elapsed=1.706s
INFO [11-08|21:13:55.165] 🔗 block reached canonical chain          number=18 hash=6d81cd…acff5d
INFO [11-08|21:13:55.165] 🔨 mined potential block                  number=25 hash=ca2d83…fed8ed
INFO [11-08|21:13:55.165] Commit new mining work                   number=26 sealhash=7d3eae…8696c1 uncles=0 txs=0 gas=0 fees=0 elapsed=73.439µs
INFO [11-08|21:13:55.530] Successfully sealed new block            number=26 sealhash=7d3eae…8696c1 hash=25f194…f49cab elapsed=364.619ms
INFO [11-08|21:13:55.530] 🔗 block reached canonical chain          number=19 hash=6257ae…b291f8
INFO [11-08|21:13:55.530] 🔨 mined potential block                  number=26 hash=25f194…f49cab
INFO [11-08|21:13:55.530] Commit new mining work                   number=27 sealhash=5016ea…7855b3 uncles=0 txs=0 gas=0 fees=0 elapsed=111.769µs
INFO [11-08|21:13:57.072] Successfully sealed new block            number=27 sealhash=5016ea…7855b3 hash=b2fd93…108e9b elapsed=1.541s
INFO [11-08|21:13:57.072] 🔗 block reached canonical chain          number=20 hash=a7192f…3ac3b0
INFO [11-08|21:13:57.072] 🔨 mined potential block                  number=27 hash=b2fd93…108e9b
INFO [11-08|21:13:57.072] Commit new mining work                   number=28 sealhash=a97ef4…378489 uncles=0 txs=0 gas=0 fees=0 elapsed=99.607µs
INFO [11-08|21:13:57.219] Successfully sealed new block            number=28 sealhash=a97ef4…378489 hash=3e544d…b4d553 elapsed=146.476ms
INFO [11-08|21:13:57.219] 🔗 block reached canonical chain          number=21 hash=676d58…bf7bb3
INFO [11-08|21:13:57.219] 🔨 mined potential block                  number=28 hash=3e544d…b4d553
INFO [11-08|21:13:57.219] Commit new mining work                   number=29 sealhash=bdc013…49a11e uncles=0 txs=0 gas=0 fees=0 elapsed=61.125µs
INFO [11-08|21:13:57.844] Successfully sealed new block            number=29 sealhash=bdc013…49a11e hash=d9cac8…85f360 elapsed=625.199ms
INFO [11-08|21:13:57.844] 🔗 block reached canonical chain          number=22 hash=371c30…c3684b
INFO [11-08|21:13:57.844] 🔨 mined potential block                  number=29 hash=d9cac8…85f360
INFO [11-08|21:13:57.844] Mining too far in the future             wait=2s
INFO [11-08|21:13:59.845] Commit new mining work                   number=30 sealhash=24ed83…fde98c uncles=0 txs=0 gas=0 fees=0 elapsed=2.000s
INFO [11-08|21:14:00.613] Successfully sealed new block            number=30 sealhash=24ed83…fde98c hash=044ac7…4136a0 elapsed=768.241ms
INFO [11-08|21:14:00.613] 🔗 block reached canonical chain          number=23 hash=35b68c…26340a
INFO [11-08|21:14:00.613] 🔨 mined potential block                  number=30 hash=044ac7…4136a0
INFO [11-08|21:14:00.613] Commit new mining work                   number=31 sealhash=217bb8…6782b7 uncles=0 txs=0 gas=0 fees=0 elapsed=125.962µs
INFO [11-08|21:14:01.761] Successfully sealed new block            number=31 sealhash=217bb8…6782b7 hash=025fc0…515a3c elapsed=1.147s
INFO [11-08|21:14:01.761] 🔗 block reached canonical chain          number=24 hash=336b6b…5b34cd
INFO [11-08|21:14:01.761] 🔨 mined potential block                  number=31 hash=025fc0…515a3c
INFO [11-08|21:14:01.761] Commit new mining work                   number=32 sealhash=7baba5…cd74c2 uncles=0 txs=0 gas=0 fees=0 elapsed=71.891µs
INFO [11-08|21:14:01.982] Successfully sealed new block            number=32 sealhash=7baba5…cd74c2 hash=d9c0c5…83a95b elapsed=220.620ms
INFO [11-08|21:14:01.982] 🔗 block reached canonical chain          number=25 hash=ca2d83…fed8ed
INFO [11-08|21:14:01.982] 🔨 mined potential block                  number=32 hash=d9c0c5…83a95b
INFO [11-08|21:14:01.982] Commit new mining work                   number=33 sealhash=89b51b…d5519c uncles=0 txs=0 gas=0 fees=0 elapsed=71.002µs
INFO [11-08|21:14:02.923] Successfully sealed new block            number=33 sealhash=89b51b…d5519c hash=a0dd73…23cb75 elapsed=941.136ms
INFO [11-08|21:14:02.923] 🔗 block reached canonical chain          number=26 hash=25f194…f49cab
INFO [11-08|21:14:02.923] 🔨 mined potential block                  number=33 hash=a0dd73…23cb75
INFO [11-08|21:14:02.923] Commit new mining work                   number=34 sealhash=0739a8…8ad052 uncles=0 txs=0 gas=0 fees=0 elapsed=74.142µs
INFO [11-08|21:14:03.729] Successfully sealed new block            number=34 sealhash=0739a8…8ad052 hash=13eeb7…943091 elapsed=805.697ms
INFO [11-08|21:14:03.729] 🔗 block reached canonical chain          number=27 hash=b2fd93…108e9b
INFO [11-08|21:14:03.729] 🔨 mined potential block                  number=34 hash=13eeb7…943091
INFO [11-08|21:14:03.729] Commit new mining work                   number=35 sealhash=b8b157…0d5c29 uncles=0 txs=0 gas=0 fees=0 elapsed=90.73µs
INFO [11-08|21:14:04.544] Successfully sealed new block            number=35 sealhash=b8b157…0d5c29 hash=1a4a33…4c0abb elapsed=815.507ms
INFO [11-08|21:14:04.544] 🔗 block reached canonical chain          number=28 hash=3e544d…b4d553
INFO [11-08|21:14:04.544] 🔨 mined potential block                  number=35 hash=1a4a33…4c0abb
INFO [11-08|21:14:04.545] Commit new mining work                   number=36 sealhash=491446…956586 uncles=0 txs=0 gas=0 fees=0 elapsed=84.932µs
INFO [11-08|21:14:09.511] Successfully sealed new block            number=36 sealhash=491446…956586 hash=f10e48…7154d5 elapsed=4.966s
INFO [11-08|21:14:09.511] 🔗 block reached canonical chain          number=29 hash=d9cac8…85f360
INFO [11-08|21:14:09.511] 🔨 mined potential block                  number=36 hash=f10e48…7154d5
INFO [11-08|21:14:09.511] Commit new mining work                   number=37 sealhash=4ea43a…014d1d uncles=0 txs=0 gas=0 fees=0 elapsed=99.976µs
INFO [11-08|21:14:10.000] Successfully sealed new block            number=37 sealhash=4ea43a…014d1d hash=fc587f…7a943d elapsed=489.688ms
INFO [11-08|21:14:10.001] 🔗 block reached canonical chain          number=30 hash=044ac7…4136a0
INFO [11-08|21:14:10.001] 🔨 mined potential block                  number=37 hash=fc587f…7a943d
INFO [11-08|21:14:10.001] Commit new mining work                   number=38 sealhash=f7658f…0611a0 uncles=0 txs=0 gas=0 fees=0 elapsed=95.09µs
INFO [11-08|21:14:11.772] Successfully sealed new block            number=38 sealhash=f7658f…0611a0 hash=74012e…f83b0f elapsed=1.771s
INFO [11-08|21:14:11.773] 🔗 block reached canonical chain          number=31 hash=025fc0…515a3c
INFO [11-08|21:14:11.773] 🔨 mined potential block                  number=38 hash=74012e…f83b0f
INFO [11-08|21:14:11.773] Commit new mining work                   number=39 sealhash=fbff7b…c68d81 uncles=0 txs=0 gas=0 fees=0 elapsed=120.2µs
INFO [11-08|21:14:11.961] Successfully sealed new block            number=39 sealhash=fbff7b…c68d81 hash=c66b4a…b5137a elapsed=188.384ms
INFO [11-08|21:14:11.961] 🔗 block reached canonical chain          number=32 hash=d9c0c5…83a95b
INFO [11-08|21:14:11.961] 🔨 mined potential block                  number=39 hash=c66b4a…b5137a
INFO [11-08|21:14:11.961] Commit new mining work                   number=40 sealhash=a5a037…f0b91b uncles=0 txs=0 gas=0 fees=0 elapsed=107.813µs
INFO [11-08|21:14:12.105] Successfully sealed new block            number=40 sealhash=a5a037…f0b91b hash=faf50a…27d1be elapsed=143.936ms
INFO [11-08|21:14:12.105] 🔗 block reached canonical chain          number=33 hash=a0dd73…23cb75
INFO [11-08|21:14:12.105] 🔨 mined potential block                  number=40 hash=faf50a…27d1be
INFO [11-08|21:14:12.105] Commit new mining work                   number=41 sealhash=dbac00…49ea47 uncles=0 txs=0 gas=0 fees=0 elapsed=67.481µs
INFO [11-08|21:14:13.317] Successfully sealed new block            number=41 sealhash=dbac00…49ea47 hash=3fcc4e…0efc66 elapsed=1.211s
INFO [11-08|21:14:13.317] 🔗 block reached canonical chain          number=34 hash=13eeb7…943091
INFO [11-08|21:14:13.317] 🔨 mined potential block                  number=41 hash=3fcc4e…0efc66
INFO [11-08|21:14:13.317] Commit new mining work                   number=42 sealhash=37d55e…fc54b7 uncles=0 txs=0 gas=0 fees=0 elapsed=64.59µs
INFO [11-08|21:14:14.849] Successfully sealed new block            number=42 sealhash=37d55e…fc54b7 hash=1d323c…e468ab elapsed=1.532s
INFO [11-08|21:14:14.850] 🔗 block reached canonical chain          number=35 hash=1a4a33…4c0abb
INFO [11-08|21:14:14.850] 🔨 mined potential block                  number=42 hash=1d323c…e468ab
INFO [11-08|21:14:14.850] Commit new mining work                   number=43 sealhash=26448e…84c0c4 uncles=0 txs=0 gas=0 fees=0 elapsed=97.189µs
INFO [11-08|21:14:25.538] Successfully sealed new block            number=43 sealhash=26448e…84c0c4 hash=1e3586…54f89a elapsed=10.688s
INFO [11-08|21:14:25.538] 🔗 block reached canonical chain          number=36 hash=f10e48…7154d5
INFO [11-08|21:14:25.538] 🔨 mined potential block                  number=43 hash=1e3586…54f89a
INFO [11-08|21:14:25.538] Commit new mining work                   number=44 sealhash=7a2524…89360e uncles=0 txs=0 gas=0 fees=0 elapsed=92.107µs
INFO [11-08|21:14:30.581] Successfully sealed new block            number=44 sealhash=7a2524…89360e hash=dff0f0…542d33 elapsed=5.043s
INFO [11-08|21:14:30.581] 🔗 block reached canonical chain          number=37 hash=fc587f…7a943d
INFO [11-08|21:14:30.581] 🔨 mined potential block                  number=44 hash=dff0f0…542d33
INFO [11-08|21:14:30.581] Commit new mining work                   number=45 sealhash=6fe151…cd3759 uncles=0 txs=0 gas=0 fees=0 elapsed=119.884µs
INFO [11-08|21:14:31.088] Successfully sealed new block            number=45 sealhash=6fe151…cd3759 hash=2fdf1f…d9ccf4 elapsed=506.795ms
INFO [11-08|21:14:31.088] 🔗 block reached canonical chain          number=38 hash=74012e…f83b0f
INFO [11-08|21:14:31.088] 🔨 mined potential block                  number=45 hash=2fdf1f…d9ccf4
INFO [11-08|21:14:31.088] Commit new mining work                   number=46 sealhash=ba20fa…00ae25 uncles=0 txs=0 gas=0 fees=0 elapsed=60.536µs
INFO [11-08|21:14:34.240] Successfully sealed new block            number=46 sealhash=ba20fa…00ae25 hash=fc82d5…5e0560 elapsed=3.151s
INFO [11-08|21:14:34.240] 🔗 block reached canonical chain          number=39 hash=c66b4a…b5137a
INFO [11-08|21:14:34.240] 🔨 mined potential block                  number=46 hash=fc82d5…5e0560
INFO [11-08|21:14:34.240] Commit new mining work                   number=47 sealhash=b39875…26fb0b uncles=0 txs=0 gas=0 fees=0 elapsed=73.232µs
INFO [11-08|21:14:43.330] Successfully sealed new block            number=47 sealhash=b39875…26fb0b hash=e54c93…9ef2f5 elapsed=9.089s
INFO [11-08|21:14:43.330] 🔗 block reached canonical chain          number=40 hash=faf50a…27d1be
INFO [11-08|21:14:43.330] 🔨 mined potential block                  number=47 hash=e54c93…9ef2f5
INFO [11-08|21:14:43.330] Commit new mining work                   number=48 sealhash=380d7a…5e7b11 uncles=0 txs=0 gas=0 fees=0 elapsed=100.24µs
INFO [11-08|21:14:45.906] Successfully sealed new block            number=48 sealhash=380d7a…5e7b11 hash=4ace31…b0f89b elapsed=2.576s
INFO [11-08|21:14:45.906] 🔗 block reached canonical chain          number=41 hash=3fcc4e…0efc66
INFO [11-08|21:14:45.906] 🔨 mined potential block                  number=48 hash=4ace31…b0f89b
INFO [11-08|21:14:45.906] Commit new mining work                   number=49 sealhash=35ca44…02d89f uncles=0 txs=0 gas=0 fees=0 elapsed=124.99µs
INFO [11-08|21:14:47.967] Successfully sealed new block            number=49 sealhash=35ca44…02d89f hash=87e08d…200c1f elapsed=2.060s
INFO [11-08|21:14:47.967] 🔗 block reached canonical chain          number=42 hash=1d323c…e468ab
INFO [11-08|21:14:47.967] 🔨 mined potential block                  number=49 hash=87e08d…200c1f
INFO [11-08|21:14:47.967] Commit new mining work                   number=50 sealhash=7028ef…970528 uncles=0 txs=0 gas=0 fees=0 elapsed=108.915µs
INFO [11-08|21:14:48.496] Successfully sealed new block            number=50 sealhash=7028ef…970528 hash=785919…ea33d8 elapsed=528.168ms
INFO [11-08|21:14:48.496] 🔗 block reached canonical chain          number=43 hash=1e3586…54f89a
INFO [11-08|21:14:48.496] 🔨 mined potential block                  number=50 hash=785919…ea33d8
INFO [11-08|21:14:48.496] Commit new mining work                   number=51 sealhash=de0f86…965fea uncles=0 txs=0 gas=0 fees=0 elapsed=89.006µs
INFO [11-08|21:14:48.908] Successfully sealed new block            number=51 sealhash=de0f86…965fea hash=60cbf3…742c9a elapsed=412.588ms
INFO [11-08|21:14:48.908] 🔗 block reached canonical chain          number=44 hash=dff0f0…542d33
INFO [11-08|21:14:48.908] 🔨 mined potential block                  number=51 hash=60cbf3…742c9a
INFO [11-08|21:14:48.908] Commit new mining work                   number=52 sealhash=b26592…0be6a7 uncles=0 txs=0 gas=0 fees=0 elapsed=66.058µs
INFO [11-08|21:14:51.073] Successfully sealed new block            number=52 sealhash=b26592…0be6a7 hash=0086c7…272066 elapsed=2.164s
INFO [11-08|21:14:51.073] 🔗 block reached canonical chain          number=45 hash=2fdf1f…d9ccf4
INFO [11-08|21:14:51.073] 🔨 mined potential block                  number=52 hash=0086c7…272066
INFO [11-08|21:14:51.073] Commit new mining work                   number=53 sealhash=b6466e…715049 uncles=0 txs=0 gas=0 fees=0 elapsed=141.715µs
INFO [11-08|21:14:52.304] Successfully sealed new block            number=53 sealhash=b6466e…715049 hash=7816e9…63e8b6 elapsed=1.230s
INFO [11-08|21:14:52.304] 🔗 block reached canonical chain          number=46 hash=fc82d5…5e0560
INFO [11-08|21:14:52.304] 🔨 mined potential block                  number=53 hash=7816e9…63e8b6
INFO [11-08|21:14:52.304] Commit new mining work                   number=54 sealhash=8eadb9…c79119 uncles=0 txs=0 gas=0 fees=0 elapsed=101.243µs
INFO [11-08|21:14:52.705] Successfully sealed new block            number=54 sealhash=8eadb9…c79119 hash=e4dc79…b38ed6 elapsed=400.508ms
INFO [11-08|21:14:52.705] 🔗 block reached canonical chain          number=47 hash=e54c93…9ef2f5
INFO [11-08|21:14:52.705] 🔨 mined potential block                  number=54 hash=e4dc79…b38ed6
INFO [11-08|21:14:52.705] Commit new mining work                   number=55 sealhash=637622…06a010 uncles=0 txs=0 gas=0 fees=0 elapsed=75.494µs
INFO [11-08|21:14:53.406] Got interrupt, shutting down... 
INFO [11-08|21:14:53.406] HTTP endpoint closed                     url=http://127.0.0.1:10001
INFO [11-08|21:14:53.406] IPC endpoint closed                      url=/home/tianwen/Data/eth_1_1/geth.ipc
INFO [11-08|21:14:53.406] Writing cached state to disk             block=54 hash=e4dc79…b38ed6 root=05f681…cafce0
INFO [11-08|21:14:53.406] Persisted trie from memory database      nodes=1 size=149.00B time=44.96µs gcnodes=0 gcsize=0.00B gctime=0s livenodes=54 livesize=7.89kB
INFO [11-08|21:14:53.406] Writing cached state to disk             block=53 hash=7816e9…63e8b6 root=4b54a2…0a0a9c
INFO [11-08|21:14:53.406] Persisted trie from memory database      nodes=1 size=149.00B time=12.569µs gcnodes=0 gcsize=0.00B gctime=0s livenodes=53 livesize=7.75kB
INFO [11-08|21:14:53.407] Blockchain manager stopped 
INFO [11-08|21:14:53.407] Stopping Ethereum protocol 
INFO [11-08|21:14:53.407] Ethereum protocol stopped 
INFO [11-08|21:14:53.407] Transaction pool stopped 
INFO [11-08|21:14:53.407] Database closed                          database=/home/tianwen/Data/eth_1_1/geth/chaindata
